# JRE version: OpenJDK Runtime Environment (8.0_242-b01) (build 1.8.0_242-release-1644-b01)
# Java VM: OpenJDK 64-Bit Server VM (25.242-b01 mixed mode windows-amd64 compressed oops)
Heap:
 PSYoungGen      total 509440K, used 82781K [0x00000000d5580000, 0x00000000fbc80000, 0x0000000100000000)
  eden space 425984K, 2% used [0x00000000d5580000,0x00000000d61d5280,0x00000000ef580000)
  from space 83456K, 84% used [0x00000000f6b00000,0x00000000faf82460,0x00000000fbc80000)
  to   space 78336K, 0% used [0x00000000ef580000,0x00000000ef580000,0x00000000f4200000)
 ParOldGen       total 403968K, used 121063K [0x0000000080000000, 0x0000000098a80000, 0x00000000d5580000)
  object space 403968K, 29% used [0x0000000080000000,0x0000000087639dc8,0x0000000098a80000)
 Metaspace       used 172904K, capacity 181920K, committed 182296K, reserved 1208320K
  class space    used 22486K, capacity 24222K, committed 24368K, reserved 1048576K
GC Heap History (10 events):
Event: 2459.320 GC heap before
{Heap before GC invocations=39 (full 7):
 PSYoungGen      total 451072K, used 383265K [0x00000000d5580000, 0x00000000f7c80000, 0x0000000100000000)
  eden space 367616K, 99% used [0x00000000d5580000,0x00000000ebc73680,0x00000000ebc80000)
  from space 83456K, 18% used [0x00000000ebc80000,0x00000000ecbd5088,0x00000000f0e00000)
  to   space 82944K, 0% used [0x00000000f2b80000,0x00000000f2b80000,0x00000000f7c80000)
 ParOldGen       total 403968K, used 121047K [0x0000000080000000, 0x0000000098a80000, 0x00000000d5580000)
  object space 403968K, 29% used [0x0000000080000000,0x0000000087635dc8,0x0000000098a80000)
 Metaspace       used 165161K, capacity 173336K, committed 173720K, reserved 1200128K
  class space    used 21501K, capacity 23062K, committed 23216K, reserved 1048576K
Event: 2459.351 GC heap after
Heap after GC invocations=39 (full 7):
 PSYoungGen      total 470016K, used 42394K [0x00000000d5580000, 0x00000000f7480000, 0x0000000100000000)
  eden space 395264K, 0% used [0x00000000d5580000,0x00000000d5580000,0x00000000ed780000)
  from space 74752K, 56% used [0x00000000f2b80000,0x00000000f54e6ae0,0x00000000f7480000)
  to   space 80384K, 0% used [0x00000000ed780000,0x00000000ed780000,0x00000000f2600000)
 ParOldGen       total 403968K, used 121047K [0x0000000080000000, 0x0000000098a80000, 0x00000000d5580000)
  object space 403968K, 29% used [0x0000000080000000,0x0000000087635dc8,0x0000000098a80000)
 Metaspace       used 165161K, capacity 173336K, committed 173720K, reserved 1200128K
  class space    used 21501K, capacity 23062K, committed 23216K, reserved 1048576K
}
Event: 2461.137 GC heap before
{Heap before GC invocations=40 (full 7):
 PSYoungGen      total 470016K, used 437658K [0x00000000d5580000, 0x00000000f7480000, 0x0000000100000000)
  eden space 395264K, 100% used [0x00000000d5580000,0x00000000ed780000,0x00000000ed780000)
  from space 74752K, 56% used [0x00000000f2b80000,0x00000000f54e6ae0,0x00000000f7480000)
  to   space 80384K, 0% used [0x00000000ed780000,0x00000000ed780000,0x00000000f2600000)
 ParOldGen       total 403968K, used 121047K [0x0000000080000000, 0x0000000098a80000, 0x00000000d5580000)
  object space 403968K, 29% used [0x0000000080000000,0x0000000087635dc8,0x0000000098a80000)
 Metaspace       used 171929K, capacity 180862K, committed 181144K, reserved 1206272K
  class space    used 22437K, capacity 24147K, committed 24240K, reserved 1048576K
Event: 2461.191 GC heap after
Heap after GC invocations=40 (full 7):
 PSYoungGen      total 475648K, used 53759K [0x00000000d5580000, 0x00000000f9280000, 0x0000000100000000)
  eden space 395264K, 0% used [0x00000000d5580000,0x00000000d5580000,0x00000000ed780000)
  from space 80384K, 66% used [0x00000000ed780000,0x00000000f0bffcf0,0x00000000f2600000)
  to   space 82432K, 0% used [0x00000000f4200000,0x00000000f4200000,0x00000000f9280000)
 ParOldGen       total 403968K, used 121055K [0x0000000080000000, 0x0000000098a80000, 0x00000000d5580000)
  object space 403968K, 29% used [0x0000000080000000,0x0000000087637dc8,0x0000000098a80000)
 Metaspace       used 171929K, capacity 180862K, committed 181144K, reserved 1206272K
  class space    used 22437K, capacity 24147K, committed 24240K, reserved 1048576K
}
Event: 2462.201 GC heap before
{Heap before GC invocations=41 (full 7):
 PSYoungGen      total 475648K, used 449023K [0x00000000d5580000, 0x00000000f9280000, 0x0000000100000000)
  eden space 395264K, 100% used [0x00000000d5580000,0x00000000ed780000,0x00000000ed780000)
  from space 80384K, 66% used [0x00000000ed780000,0x00000000f0bffcf0,0x00000000f2600000)
  to   space 82432K, 0% used [0x00000000f4200000,0x00000000f4200000,0x00000000f9280000)
 ParOldGen       total 403968K, used 121055K [0x0000000080000000, 0x0000000098a80000, 0x00000000d5580000)
  object space 403968K, 29% used [0x0000000080000000,0x0000000087637dc8,0x0000000098a80000)
 Metaspace       used 172467K, capacity 181470K, committed 181656K, reserved 1206272K
  class space    used 22464K, capacity 24155K, committed 24240K, reserved 1048576K
Event: 2462.247 GC heap after
Heap after GC invocations=41 (full 7):
 PSYoungGen      total 504832K, used 35816K [0x00000000d5580000, 0x00000000f8f00000, 0x0000000100000000)
  eden space 425984K, 0% used [0x00000000d5580000,0x00000000d5580000,0x00000000ef580000)
  from space 78848K, 45% used [0x00000000f4200000,0x00000000f64fa2c0,0x00000000f8f00000)
  to   space 78336K, 0% used [0x00000000ef580000,0x00000000ef580000,0x00000000f4200000)
 ParOldGen       total 403968K, used 121063K [0x0000000080000000, 0x0000000098a80000, 0x00000000d5580000)
  object space 403968K, 29% used [0x0000000080000000,0x0000000087639dc8,0x0000000098a80000)
 Metaspace       used 172467K, capacity 181470K, committed 181656K, reserved 1206272K
  class space    used 22464K, capacity 24155K, committed 24240K, reserved 1048576K
}
Event: 2463.205 GC heap before
{Heap before GC invocations=42 (full 7):
 PSYoungGen      total 504832K, used 461800K [0x00000000d5580000, 0x00000000f8f00000, 0x0000000100000000)
  eden space 425984K, 100% used [0x00000000d5580000,0x00000000ef580000,0x00000000ef580000)
  from space 78848K, 45% used [0x00000000f4200000,0x00000000f64fa2c0,0x00000000f8f00000)
  to   space 78336K, 0% used [0x00000000ef580000,0x00000000ef580000,0x00000000f4200000)
 ParOldGen       total 403968K, used 121063K [0x0000000080000000, 0x0000000098a80000, 0x00000000d5580000)
  object space 403968K, 29% used [0x0000000080000000,0x0000000087639dc8,0x0000000098a80000)
 Metaspace       used 172732K, capacity 181788K, committed 182040K, reserved 1206272K
  class space    used 22477K, capacity 24222K, committed 24368K, reserved 1048576K
Event: 2463.249 GC heap after
Heap after GC invocations=42 (full 7):
 PSYoungGen      total 504320K, used 63038K [0x00000000d5580000, 0x00000000fbc80000, 0x0000000100000000)
  eden space 425984K, 0% used [0x00000000d5580000,0x00000000d5580000,0x00000000ef580000)
  from space 78336K, 80% used [0x00000000ef580000,0x00000000f330fbb0,0x00000000f4200000)
  to   space 83456K, 0% used [0x00000000f6b00000,0x00000000f6b00000,0x00000000fbc80000)
 ParOldGen       total 403968K, used 121063K [0x0000000080000000, 0x0000000098a80000, 0x00000000d5580000)
  object space 403968K, 29% used [0x0000000080000000,0x0000000087639dc8,0x0000000098a80000)
 Metaspace       used 172732K, capacity 181788K, committed 182040K, reserved 1206272K
  class space    used 22477K, capacity 24222K, committed 24368K, reserved 1048576K
}
Event: 2464.055 GC heap before
{Heap before GC invocations=43 (full 7):
 PSYoungGen      total 504320K, used 489022K [0x00000000d5580000, 0x00000000fbc80000, 0x0000000100000000)
  eden space 425984K, 100% used [0x00000000d5580000,0x00000000ef580000,0x00000000ef580000)
  from space 78336K, 80% used [0x00000000ef580000,0x00000000f330fbb0,0x00000000f4200000)
  to   space 83456K, 0% used [0x00000000f6b00000,0x00000000f6b00000,0x00000000fbc80000)
 ParOldGen       total 403968K, used 121063K [0x0000000080000000, 0x0000000098a80000, 0x00000000d5580000)
  object space 403968K, 29% used [0x0000000080000000,0x0000000087639dc8,0x0000000098a80000)
 Metaspace       used 172901K, capacity 181920K, committed 182296K, reserved 1208320K
  class space    used 22486K, capacity 24222K, committed 24368K, reserved 1048576K
Event: 2464.154 GC heap after
Heap after GC invocations=43 (full 7):
 PSYoungGen      total 509440K, used 70153K [0x00000000d5580000, 0x00000000fbc80000, 0x0000000100000000)
  eden space 425984K, 0% used [0x00000000d5580000,0x00000000d5580000,0x00000000ef580000)
  from space 83456K, 84% used [0x00000000f6b00000,0x00000000faf82460,0x00000000fbc80000)
  to   space 78336K, 0% used [0x00000000ef580000,0x00000000ef580000,0x00000000f4200000)
 ParOldGen       total 403968K, used 121063K [0x0000000080000000, 0x0000000098a80000, 0x00000000d5580000)
  object space 403968K, 29% used [0x0000000080000000,0x0000000087639dc8,0x0000000098a80000)
 Metaspace       used 172901K, capacity 181920K, committed 182296K, reserved 1208320K
  class space    used 22486K, capacity 24222K, committed 24368K, reserved 1048576K
}

