# JRE version: OpenJDK Runtime Environment (8.0_242-b01) (build 1.8.0_242-release-1644-b01)
# Java VM: OpenJDK 64-Bit Server VM (25.242-b01 mixed mode windows-amd64 compressed oops)
Heap:
 PSYoungGen      total 138240K, used 23736K [0x00000000d5d00000, 0x00000000e0280000, 0x0000000100000000)
  eden space 133120K, 13% used [0x00000000d5d00000,0x00000000d6f2ed90,0x00000000ddf00000)
  from space 5120K, 99% used [0x00000000ddf00000,0x00000000de3ff2f8,0x00000000de400000)
  to   space 17920K, 0% used [0x00000000df100000,0x00000000df100000,0x00000000e0280000)
 ParOldGen       total 134144K, used 77708K [0x0000000081600000, 0x0000000089900000, 0x00000000d5d00000)
  object space 134144K, 57% used [0x0000000081600000,0x00000000861e3008,0x0000000089900000)
 Metaspace       used 55520K, capacity 56569K, committed 56960K, reserved 1099776K
  class space    used 6648K, capacity 6938K, committed 7040K, reserved 1048576K
GC Heap History (10 events):
Event: 2.015 GC heap before
{Heap before GC invocations=5 (full 1):
 PSYoungGen      total 71680K, used 66560K [0x00000000d5d00000, 0x00000000de900000, 0x0000000100000000)
  eden space 66560K, 100% used [0x00000000d5d00000,0x00000000d9e00000,0x00000000d9e00000)
  from space 5120K, 0% used [0x00000000d9e00000,0x00000000d9e00000,0x00000000da300000)
  to   space 5120K, 0% used [0x00000000de400000,0x00000000de400000,0x00000000de900000)
 ParOldGen       total 78848K, used 15037K [0x0000000081600000, 0x0000000086300000, 0x00000000d5d00000)
  object space 78848K, 19% used [0x0000000081600000,0x00000000824af568,0x0000000086300000)
 Metaspace       used 29873K, capacity 30399K, committed 30592K, reserved 1075200K
  class space    used 3765K, capacity 3932K, committed 3968K, reserved 1048576K
Event: 2.027 GC heap after
Heap after GC invocations=5 (full 1):
 PSYoungGen      total 99328K, used 5114K [0x00000000d5d00000, 0x00000000de900000, 0x0000000100000000)
  eden space 94208K, 0% used [0x00000000d5d00000,0x00000000d5d00000,0x00000000db900000)
  from space 5120K, 99% used [0x00000000de400000,0x00000000de8fe918,0x00000000de900000)
  to   space 5120K, 0% used [0x00000000ddf00000,0x00000000ddf00000,0x00000000de400000)
 ParOldGen       total 78848K, used 25565K [0x0000000081600000, 0x0000000086300000, 0x00000000d5d00000)
  object space 78848K, 32% used [0x0000000081600000,0x0000000082ef7420,0x0000000086300000)
 Metaspace       used 29873K, capacity 30399K, committed 30592K, reserved 1075200K
  class space    used 3765K, capacity 3932K, committed 3968K, reserved 1048576K
}
Event: 2.366 GC heap before
{Heap before GC invocations=6 (full 1):
 PSYoungGen      total 99328K, used 33817K [0x00000000d5d00000, 0x00000000de900000, 0x0000000100000000)
  eden space 94208K, 30% used [0x00000000d5d00000,0x00000000d7907b90,0x00000000db900000)
  from space 5120K, 99% used [0x00000000de400000,0x00000000de8fe918,0x00000000de900000)
  to   space 5120K, 0% used [0x00000000ddf00000,0x00000000ddf00000,0x00000000de400000)
 ParOldGen       total 78848K, used 25565K [0x0000000081600000, 0x0000000086300000, 0x00000000d5d00000)
  object space 78848K, 32% used [0x0000000081600000,0x0000000082ef7420,0x0000000086300000)
 Metaspace       used 34575K, capacity 35167K, committed 35416K, reserved 1081344K
  class space    used 4368K, capacity 4576K, committed 4608K, reserved 1048576K
Event: 2.373 GC heap after
Heap after GC invocations=6 (full 1):
 PSYoungGen      total 138240K, used 5091K [0x00000000d5d00000, 0x00000000e0280000, 0x0000000100000000)
  eden space 133120K, 0% used [0x00000000d5d00000,0x00000000d5d00000,0x00000000ddf00000)
  from space 5120K, 99% used [0x00000000ddf00000,0x00000000de3f8f50,0x00000000de400000)
  to   space 17920K, 0% used [0x00000000df100000,0x00000000df100000,0x00000000e0280000)
 ParOldGen       total 78848K, used 33054K [0x0000000081600000, 0x0000000086300000, 0x00000000d5d00000)
  object space 78848K, 41% used [0x0000000081600000,0x00000000836479c8,0x0000000086300000)
 Metaspace       used 34575K, capacity 35167K, committed 35416K, reserved 1081344K
  class space    used 4368K, capacity 4576K, committed 4608K, reserved 1048576K
}
Event: 2.373 GC heap before
{Heap before GC invocations=7 (full 2):
 PSYoungGen      total 138240K, used 5091K [0x00000000d5d00000, 0x00000000e0280000, 0x0000000100000000)
  eden space 133120K, 0% used [0x00000000d5d00000,0x00000000d5d00000,0x00000000ddf00000)
  from space 5120K, 99% used [0x00000000ddf00000,0x00000000de3f8f50,0x00000000de400000)
  to   space 17920K, 0% used [0x00000000df100000,0x00000000df100000,0x00000000e0280000)
 ParOldGen       total 78848K, used 33054K [0x0000000081600000, 0x0000000086300000, 0x00000000d5d00000)
  object space 78848K, 41% used [0x0000000081600000,0x00000000836479c8,0x0000000086300000)
 Metaspace       used 34575K, capacity 35167K, committed 35416K, reserved 1081344K
  class space    used 4368K, capacity 4576K, committed 4608K, reserved 1048576K
Event: 2.435 GC heap after
Heap after GC invocations=7 (full 2):
 PSYoungGen      total 138240K, used 0K [0x00000000d5d00000, 0x00000000e0280000, 0x0000000100000000)
  eden space 133120K, 0% used [0x00000000d5d00000,0x00000000d5d00000,0x00000000ddf00000)
  from space 5120K, 0% used [0x00000000ddf00000,0x00000000ddf00000,0x00000000de400000)
  to   space 17920K, 0% used [0x00000000df100000,0x00000000df100000,0x00000000e0280000)
 ParOldGen       total 134144K, used 34985K [0x0000000081600000, 0x0000000089900000, 0x00000000d5d00000)
  object space 134144K, 26% used [0x0000000081600000,0x000000008382a770,0x0000000089900000)
 Metaspace       used 34575K, capacity 35167K, committed 35416K, reserved 1081344K
  class space    used 4368K, capacity 4576K, committed 4608K, reserved 1048576K
}
Event: 4.453 GC heap before
{Heap before GC invocations=8 (full 2):
 PSYoungGen      total 138240K, used 133120K [0x00000000d5d00000, 0x00000000e0280000, 0x0000000100000000)
  eden space 133120K, 100% used [0x00000000d5d00000,0x00000000ddf00000,0x00000000ddf00000)
  from space 5120K, 0% used [0x00000000ddf00000,0x00000000ddf00000,0x00000000de400000)
  to   space 17920K, 0% used [0x00000000df100000,0x00000000df100000,0x00000000e0280000)
 ParOldGen       total 134144K, used 34985K [0x0000000081600000, 0x0000000089900000, 0x00000000d5d00000)
  object space 134144K, 26% used [0x0000000081600000,0x000000008382a770,0x0000000089900000)
 Metaspace       used 47867K, capacity 48683K, committed 49152K, reserved 1091584K
  class space    used 5855K, capacity 6097K, committed 6144K, reserved 1048576K
Event: 4.479 GC heap after
Heap after GC invocations=8 (full 2):
 PSYoungGen      total 151040K, used 17907K [0x00000000d5d00000, 0x00000000e0280000, 0x0000000100000000)
  eden space 133120K, 0% used [0x00000000d5d00000,0x00000000d5d00000,0x00000000ddf00000)
  from space 17920K, 99% used [0x00000000df100000,0x00000000e027cc90,0x00000000e0280000)
  to   space 5120K, 0% used [0x00000000ddf00000,0x00000000ddf00000,0x00000000de400000)
 ParOldGen       total 134144K, used 45807K [0x0000000081600000, 0x0000000089900000, 0x00000000d5d00000)
  object space 134144K, 34% used [0x0000000081600000,0x00000000842bbcd8,0x0000000089900000)
 Metaspace       used 47867K, capacity 48683K, committed 49152K, reserved 1091584K
  class space    used 5855K, capacity 6097K, committed 6144K, reserved 1048576K
}
Event: 6.894 GC heap before
{Heap before GC invocations=9 (full 2):
 PSYoungGen      total 151040K, used 151027K [0x00000000d5d00000, 0x00000000e0280000, 0x0000000100000000)
  eden space 133120K, 100% used [0x00000000d5d00000,0x00000000ddf00000,0x00000000ddf00000)
  from space 17920K, 99% used [0x00000000df100000,0x00000000e027cc90,0x00000000e0280000)
  to   space 5120K, 0% used [0x00000000ddf00000,0x00000000ddf00000,0x00000000de400000)
 ParOldGen       total 134144K, used 45807K [0x0000000081600000, 0x0000000089900000, 0x00000000d5d00000)
  object space 134144K, 34% used [0x0000000081600000,0x00000000842bbcd8,0x0000000089900000)
 Metaspace       used 55374K, capacity 56441K, committed 56704K, reserved 1099776K
  class space    used 6648K, capacity 6938K, committed 7040K, reserved 1048576K
Event: 6.925 GC heap after
Heap after GC invocations=9 (full 2):
 PSYoungGen      total 138240K, used 5116K [0x00000000d5d00000, 0x00000000e0280000, 0x0000000100000000)
  eden space 133120K, 0% used [0x00000000d5d00000,0x00000000d5d00000,0x00000000ddf00000)
  from space 5120K, 99% used [0x00000000ddf00000,0x00000000de3ff2f8,0x00000000de400000)
  to   space 17920K, 0% used [0x00000000df100000,0x00000000df100000,0x00000000e0280000)
 ParOldGen       total 134144K, used 77708K [0x0000000081600000, 0x0000000089900000, 0x00000000d5d00000)
  object space 134144K, 57% used [0x0000000081600000,0x00000000861e3008,0x0000000089900000)
 Metaspace       used 55374K, capacity 56441K, committed 56704K, reserved 1099776K
  class space    used 6648K, capacity 6938K, committed 7040K, reserved 1048576K
}

