# JRE version: OpenJDK Runtime Environment (8.0_242-b01) (build 1.8.0_242-release-1644-b01)
# Java VM: OpenJDK 64-Bit Server VM (25.242-b01 mixed mode windows-amd64 compressed oops)
Heap:
 PSYoungGen      total 494592K, used 141733K [0x00000000d5580000, 0x00000000f6680000, 0x0000000100000000)
  eden space 454656K, 29% used [0x00000000d5580000,0x00000000dd7d0f18,0x00000000f1180000)
  from space 39936K, 20% used [0x00000000f3f80000,0x00000000f47985b0,0x00000000f6680000)
  to   space 43520K, 0% used [0x00000000f1180000,0x00000000f1180000,0x00000000f3c00000)
 ParOldGen       total 243200K, used 110237K [0x0000000080000000, 0x000000008ed80000, 0x00000000d5580000)
  object space 243200K, 45% used [0x0000000080000000,0x0000000086ba7688,0x000000008ed80000)
 Metaspace       used 99868K, capacity 104346K, committed 104616K, reserved 1140736K
  class space    used 12842K, capacity 13734K, committed 13760K, reserved 1048576K
GC Heap History (10 events):
Event: 36.519 GC heap before
{Heap before GC invocations=24 (full 3):
 PSYoungGen      total 368128K, used 353354K [0x00000000d5580000, 0x00000000ee100000, 0x0000000100000000)
  eden space 331264K, 100% used [0x00000000d5580000,0x00000000e9900000,0x00000000e9900000)
  from space 36864K, 59% used [0x00000000ebd00000,0x00000000ed292950,0x00000000ee100000)
  to   space 36864K, 0% used [0x00000000e9900000,0x00000000e9900000,0x00000000ebd00000)
 ParOldGen       total 142848K, used 112449K [0x0000000080000000, 0x0000000088b80000, 0x00000000d5580000)
  object space 142848K, 78% used [0x0000000080000000,0x0000000086dd0728,0x0000000088b80000)
 Metaspace       used 93196K, capacity 96996K, committed 97176K, reserved 1134592K
  class space    used 11887K, capacity 12677K, committed 12720K, reserved 1048576K
Event: 36.553 GC heap after
Heap after GC invocations=24 (full 3):
 PSYoungGen      total 368128K, used 34267K [0x00000000d5580000, 0x00000000f1700000, 0x0000000100000000)
  eden space 331264K, 0% used [0x00000000d5580000,0x00000000d5580000,0x00000000e9900000)
  from space 36864K, 92% used [0x00000000e9900000,0x00000000eba76c28,0x00000000ebd00000)
  to   space 40960K, 0% used [0x00000000eef00000,0x00000000eef00000,0x00000000f1700000)
 ParOldGen       total 142848K, used 112457K [0x0000000080000000, 0x0000000088b80000, 0x00000000d5580000)
  object space 142848K, 78% used [0x0000000080000000,0x0000000086dd2728,0x0000000088b80000)
 Metaspace       used 93196K, capacity 96996K, committed 97176K, reserved 1134592K
  class space    used 11887K, capacity 12677K, committed 12720K, reserved 1048576K
}
Event: 36.858 GC heap before
{Heap before GC invocations=25 (full 3):
 PSYoungGen      total 368128K, used 159182K [0x00000000d5580000, 0x00000000f1700000, 0x0000000100000000)
  eden space 331264K, 37% used [0x00000000d5580000,0x00000000dcf7cc40,0x00000000e9900000)
  from space 36864K, 92% used [0x00000000e9900000,0x00000000eba76c28,0x00000000ebd00000)
  to   space 40960K, 0% used [0x00000000eef00000,0x00000000eef00000,0x00000000f1700000)
 ParOldGen       total 142848K, used 112457K [0x0000000080000000, 0x0000000088b80000, 0x00000000d5580000)
  object space 142848K, 78% used [0x0000000080000000,0x0000000086dd2728,0x0000000088b80000)
 Metaspace       used 94549K, capacity 98440K, committed 98600K, reserved 1134592K
  class space    used 12057K, capacity 12849K, committed 12864K, reserved 1048576K
Event: 36.900 GC heap after
Heap after GC invocations=25 (full 3):
 PSYoungGen      total 414720K, used 36538K [0x00000000d5580000, 0x00000000f3b00000, 0x0000000100000000)
  eden space 373760K, 0% used [0x00000000d5580000,0x00000000d5580000,0x00000000ec280000)
  from space 40960K, 89% used [0x00000000eef00000,0x00000000f12aeb68,0x00000000f1700000)
  to   space 45568K, 0% used [0x00000000ec280000,0x00000000ec280000,0x00000000eef00000)
 ParOldGen       total 142848K, used 112457K [0x0000000080000000, 0x0000000088b80000, 0x00000000d5580000)
  object space 142848K, 78% used [0x0000000080000000,0x0000000086dd2728,0x0000000088b80000)
 Metaspace       used 94549K, capacity 98440K, committed 98600K, reserved 1134592K
  class space    used 12057K, capacity 12849K, committed 12864K, reserved 1048576K
}
Event: 36.900 GC heap before
{Heap before GC invocations=26 (full 4):
 PSYoungGen      total 414720K, used 36538K [0x00000000d5580000, 0x00000000f3b00000, 0x0000000100000000)
  eden space 373760K, 0% used [0x00000000d5580000,0x00000000d5580000,0x00000000ec280000)
  from space 40960K, 89% used [0x00000000eef00000,0x00000000f12aeb68,0x00000000f1700000)
  to   space 45568K, 0% used [0x00000000ec280000,0x00000000ec280000,0x00000000eef00000)
 ParOldGen       total 142848K, used 112457K [0x0000000080000000, 0x0000000088b80000, 0x00000000d5580000)
  object space 142848K, 78% used [0x0000000080000000,0x0000000086dd2728,0x0000000088b80000)
 Metaspace       used 94549K, capacity 98440K, committed 98600K, reserved 1134592K
  class space    used 12057K, capacity 12849K, committed 12864K, reserved 1048576K
Event: 37.137 GC heap after
Heap after GC invocations=26 (full 4):
 PSYoungGen      total 414720K, used 0K [0x00000000d5580000, 0x00000000f3b00000, 0x0000000100000000)
  eden space 373760K, 0% used [0x00000000d5580000,0x00000000d5580000,0x00000000ec280000)
  from space 40960K, 0% used [0x00000000eef00000,0x00000000eef00000,0x00000000f1700000)
  to   space 45568K, 0% used [0x00000000ec280000,0x00000000ec280000,0x00000000eef00000)
 ParOldGen       total 243200K, used 100170K [0x0000000080000000, 0x000000008ed80000, 0x00000000d5580000)
  object space 243200K, 41% used [0x0000000080000000,0x00000000861d28e8,0x000000008ed80000)
 Metaspace       used 92706K, capacity 96282K, committed 98600K, reserved 1134592K
  class space    used 11924K, capacity 12652K, committed 12864K, reserved 1048576K
}
Event: 39.240 GC heap before
{Heap before GC invocations=27 (full 4):
 PSYoungGen      total 414720K, used 373760K [0x00000000d5580000, 0x00000000f3b00000, 0x0000000100000000)
  eden space 373760K, 100% used [0x00000000d5580000,0x00000000ec280000,0x00000000ec280000)
  from space 40960K, 0% used [0x00000000eef00000,0x00000000eef00000,0x00000000f1700000)
  to   space 45568K, 0% used [0x00000000ec280000,0x00000000ec280000,0x00000000eef00000)
 ParOldGen       total 243200K, used 100173K [0x0000000080000000, 0x000000008ed80000, 0x00000000d5580000)
  object space 243200K, 41% used [0x0000000080000000,0x00000000861d34c0,0x000000008ed80000)
 Metaspace       used 99387K, capacity 103744K, committed 103848K, reserved 1138688K
  class space    used 12813K, capacity 13695K, committed 13760K, reserved 1048576K
Event: 39.262 GC heap after
Heap after GC invocations=27 (full 4):
 PSYoungGen      total 419328K, used 16137K [0x00000000d5580000, 0x00000000f6a80000, 0x0000000100000000)
  eden space 373760K, 0% used [0x00000000d5580000,0x00000000d5580000,0x00000000ec280000)
  from space 45568K, 35% used [0x00000000ec280000,0x00000000ed242650,0x00000000eef00000)
  to   space 44032K, 0% used [0x00000000f3f80000,0x00000000f3f80000,0x00000000f6a80000)
 ParOldGen       total 243200K, used 100181K [0x0000000080000000, 0x000000008ed80000, 0x00000000d5580000)
  object space 243200K, 41% used [0x0000000080000000,0x00000000861d54c0,0x000000008ed80000)
 Metaspace       used 99387K, capacity 103744K, committed 103848K, reserved 1138688K
  class space    used 12813K, capacity 13695K, committed 13760K, reserved 1048576K
}
Event: 40.205 GC heap before
{Heap before GC invocations=28 (full 4):
 PSYoungGen      total 419328K, used 389897K [0x00000000d5580000, 0x00000000f6a80000, 0x0000000100000000)
  eden space 373760K, 100% used [0x00000000d5580000,0x00000000ec280000,0x00000000ec280000)
  from space 45568K, 35% used [0x00000000ec280000,0x00000000ed242650,0x00000000eef00000)
  to   space 44032K, 0% used [0x00000000f3f80000,0x00000000f3f80000,0x00000000f6a80000)
 ParOldGen       total 243200K, used 100181K [0x0000000080000000, 0x000000008ed80000, 0x00000000d5580000)
  object space 243200K, 41% used [0x0000000080000000,0x00000000861d54c0,0x000000008ed80000)
 Metaspace       used 99796K, capacity 104214K, committed 104360K, reserved 1140736K
  class space    used 12836K, capacity 13734K, committed 13760K, reserved 1048576K
Event: 40.229 GC heap after
Heap after GC invocations=28 (full 4):
 PSYoungGen      total 494592K, used 8289K [0x00000000d5580000, 0x00000000f6680000, 0x0000000100000000)
  eden space 454656K, 0% used [0x00000000d5580000,0x00000000d5580000,0x00000000f1180000)
  from space 39936K, 20% used [0x00000000f3f80000,0x00000000f47985b0,0x00000000f6680000)
  to   space 43520K, 0% used [0x00000000f1180000,0x00000000f1180000,0x00000000f3c00000)
 ParOldGen       total 243200K, used 110237K [0x0000000080000000, 0x000000008ed80000, 0x00000000d5580000)
  object space 243200K, 45% used [0x0000000080000000,0x0000000086ba7688,0x000000008ed80000)
 Metaspace       used 99796K, capacity 104214K, committed 104360K, reserved 1140736K
  class space    used 12836K, capacity 13734K, committed 13760K, reserved 1048576K
}

