# JRE version: OpenJDK Runtime Environment (8.0_242-b01) (build 1.8.0_242-release-1644-b01)
# Java VM: OpenJDK 64-Bit Server VM (25.242-b01 mixed mode windows-amd64 compressed oops)
Heap:
 PSYoungGen      total 326656K, used 166670K [0x00000000d5580000, 0x00000000ed500000, 0x0000000100000000)
  eden space 278016K, 46% used [0x00000000d5580000,0x00000000dd2f59f8,0x00000000e6500000)
  from space 48640K, 78% used [0x00000000e9800000,0x00000000ebd4e078,0x00000000ec780000)
  to   space 52224K, 0% used [0x00000000e6500000,0x00000000e6500000,0x00000000e9800000)
 ParOldGen       total 137728K, used 107155K [0x0000000080000000, 0x0000000088680000, 0x00000000d5580000)
  object space 137728K, 77% used [0x0000000080000000,0x00000000868a4d28,0x0000000088680000)
 Metaspace       used 105603K, capacity 110142K, committed 110424K, reserved 1144832K
  class space    used 13463K, capacity 14362K, committed 14464K, reserved 1048576K
GC Heap History (10 events):
Event: 32.815 GC heap before
{Heap before GC invocations=20 (full 3):
 PSYoungGen      total 260096K, used 254611K [0x00000000d5580000, 0x00000000e7900000, 0x0000000100000000)
  eden space 237056K, 100% used [0x00000000d5580000,0x00000000e3d00000,0x00000000e3d00000)
  from space 23040K, 76% used [0x00000000e6280000,0x00000000e73a4fb8,0x00000000e7900000)
  to   space 30720K, 0% used [0x00000000e3d00000,0x00000000e3d00000,0x00000000e5b00000)
 ParOldGen       total 137728K, used 80092K [0x0000000080000000, 0x0000000088680000, 0x00000000d5580000)
  object space 137728K, 58% used [0x0000000080000000,0x0000000084e37330,0x0000000088680000)
 Metaspace       used 91773K, capacity 95276K, committed 95448K, reserved 1132544K
  class space    used 11770K, capacity 12501K, committed 12544K, reserved 1048576K
Event: 32.869 GC heap after
Heap after GC invocations=20 (full 3):
 PSYoungGen      total 267776K, used 30699K [0x00000000d5580000, 0x00000000ea580000, 0x0000000100000000)
  eden space 237056K, 0% used [0x00000000d5580000,0x00000000d5580000,0x00000000e3d00000)
  from space 30720K, 99% used [0x00000000e3d00000,0x00000000e5afafa0,0x00000000e5b00000)
  to   space 39424K, 0% used [0x00000000e7f00000,0x00000000e7f00000,0x00000000ea580000)
 ParOldGen       total 137728K, used 91640K [0x0000000080000000, 0x0000000088680000, 0x00000000d5580000)
  object space 137728K, 66% used [0x0000000080000000,0x000000008597e188,0x0000000088680000)
 Metaspace       used 91773K, capacity 95276K, committed 95448K, reserved 1132544K
  class space    used 11770K, capacity 12501K, committed 12544K, reserved 1048576K
}
Event: 49.083 GC heap before
{Heap before GC invocations=21 (full 3):
 PSYoungGen      total 267776K, used 239899K [0x00000000d5580000, 0x00000000ea580000, 0x0000000100000000)
  eden space 237056K, 88% used [0x00000000d5580000,0x00000000e21cbd40,0x00000000e3d00000)
  from space 30720K, 99% used [0x00000000e3d00000,0x00000000e5afafa0,0x00000000e5b00000)
  to   space 39424K, 0% used [0x00000000e7f00000,0x00000000e7f00000,0x00000000ea580000)
 ParOldGen       total 137728K, used 91640K [0x0000000080000000, 0x0000000088680000, 0x00000000d5580000)
  object space 137728K, 66% used [0x0000000080000000,0x000000008597e188,0x0000000088680000)
 Metaspace       used 94588K, capacity 98228K, committed 98380K, reserved 1134592K
  class space    used 12045K, capacity 12783K, committed 12800K, reserved 1048576K
Event: 49.148 GC heap after
Heap after GC invocations=21 (full 3):
 PSYoungGen      total 294400K, used 39407K [0x00000000d5580000, 0x00000000eb580000, 0x0000000100000000)
  eden space 254976K, 0% used [0x00000000d5580000,0x00000000d5580000,0x00000000e4e80000)
  from space 39424K, 99% used [0x00000000e7f00000,0x00000000ea57bc48,0x00000000ea580000)
  to   space 49664K, 0% used [0x00000000e4e80000,0x00000000e4e80000,0x00000000e7f00000)
 ParOldGen       total 137728K, used 102761K [0x0000000080000000, 0x0000000088680000, 0x00000000d5580000)
  object space 137728K, 74% used [0x0000000080000000,0x000000008645a4f8,0x0000000088680000)
 Metaspace       used 94588K, capacity 98228K, committed 98380K, reserved 1134592K
  class space    used 12045K, capacity 12783K, committed 12800K, reserved 1048576K
}
Event: 49.148 GC heap before
{Heap before GC invocations=22 (full 4):
 PSYoungGen      total 294400K, used 39407K [0x00000000d5580000, 0x00000000eb580000, 0x0000000100000000)
  eden space 254976K, 0% used [0x00000000d5580000,0x00000000d5580000,0x00000000e4e80000)
  from space 39424K, 99% used [0x00000000e7f00000,0x00000000ea57bc48,0x00000000ea580000)
  to   space 49664K, 0% used [0x00000000e4e80000,0x00000000e4e80000,0x00000000e7f00000)
 ParOldGen       total 137728K, used 102761K [0x0000000080000000, 0x0000000088680000, 0x00000000d5580000)
  object space 137728K, 74% used [0x0000000080000000,0x000000008645a4f8,0x0000000088680000)
 Metaspace       used 94588K, capacity 98228K, committed 98380K, reserved 1134592K
  class space    used 12045K, capacity 12783K, committed 12800K, reserved 1048576K
Event: 49.447 GC heap after
Heap after GC invocations=22 (full 4):
 PSYoungGen      total 294400K, used 0K [0x00000000d5580000, 0x00000000eb580000, 0x0000000100000000)
  eden space 254976K, 0% used [0x00000000d5580000,0x00000000d5580000,0x00000000e4e80000)
  from space 39424K, 0% used [0x00000000e7f00000,0x00000000e7f00000,0x00000000ea580000)
  to   space 49664K, 0% used [0x00000000e4e80000,0x00000000e4e80000,0x00000000e7f00000)
 ParOldGen       total 137728K, used 107147K [0x0000000080000000, 0x0000000088680000, 0x00000000d5580000)
  object space 137728K, 77% used [0x0000000080000000,0x00000000868a2d28,0x0000000088680000)
 Metaspace       used 94462K, capacity 97850K, committed 98380K, reserved 1134592K
  class space    used 12005K, capacity 12712K, committed 12800K, reserved 1048576K
}
Event: 56.838 GC heap before
{Heap before GC invocations=23 (full 4):
 PSYoungGen      total 294400K, used 254976K [0x00000000d5580000, 0x00000000eb580000, 0x0000000100000000)
  eden space 254976K, 100% used [0x00000000d5580000,0x00000000e4e80000,0x00000000e4e80000)
  from space 39424K, 0% used [0x00000000e7f00000,0x00000000e7f00000,0x00000000ea580000)
  to   space 49664K, 0% used [0x00000000e4e80000,0x00000000e4e80000,0x00000000e7f00000)
 ParOldGen       total 137728K, used 107147K [0x0000000080000000, 0x0000000088680000, 0x00000000d5580000)
  object space 137728K, 77% used [0x0000000080000000,0x00000000868a2d28,0x0000000088680000)
 Metaspace       used 96252K, capacity 99710K, committed 100312K, reserved 1136640K
  class space    used 12164K, capacity 12896K, committed 13056K, reserved 1048576K
Event: 56.867 GC heap after
Heap after GC invocations=23 (full 4):
 PSYoungGen      total 304640K, used 25158K [0x00000000d5580000, 0x00000000ec780000, 0x0000000100000000)
  eden space 254976K, 0% used [0x00000000d5580000,0x00000000d5580000,0x00000000e4e80000)
  from space 49664K, 50% used [0x00000000e4e80000,0x00000000e6711998,0x00000000e7f00000)
  to   space 48640K, 0% used [0x00000000e9800000,0x00000000e9800000,0x00000000ec780000)
 ParOldGen       total 137728K, used 107155K [0x0000000080000000, 0x0000000088680000, 0x00000000d5580000)
  object space 137728K, 77% used [0x0000000080000000,0x00000000868a4d28,0x0000000088680000)
 Metaspace       used 96252K, capacity 99710K, committed 100312K, reserved 1136640K
  class space    used 12164K, capacity 12896K, committed 13056K, reserved 1048576K
}
Event: 58.397 GC heap before
{Heap before GC invocations=24 (full 4):
 PSYoungGen      total 304640K, used 280134K [0x00000000d5580000, 0x00000000ec780000, 0x0000000100000000)
  eden space 254976K, 100% used [0x00000000d5580000,0x00000000e4e80000,0x00000000e4e80000)
  from space 49664K, 50% used [0x00000000e4e80000,0x00000000e6711998,0x00000000e7f00000)
  to   space 48640K, 0% used [0x00000000e9800000,0x00000000e9800000,0x00000000ec780000)
 ParOldGen       total 137728K, used 107155K [0x0000000080000000, 0x0000000088680000, 0x00000000d5580000)
  object space 137728K, 77% used [0x0000000080000000,0x00000000868a4d28,0x0000000088680000)
 Metaspace       used 103924K, capacity 108146K, committed 108376K, reserved 1142784K
  class space    used 13264K, capacity 14148K, committed 14208K, reserved 1048576K
Event: 58.439 GC heap after
Heap after GC invocations=24 (full 4):
 PSYoungGen      total 326656K, used 38200K [0x00000000d5580000, 0x00000000ed500000, 0x0000000100000000)
  eden space 278016K, 0% used [0x00000000d5580000,0x00000000d5580000,0x00000000e6500000)
  from space 48640K, 78% used [0x00000000e9800000,0x00000000ebd4e078,0x00000000ec780000)
  to   space 52224K, 0% used [0x00000000e6500000,0x00000000e6500000,0x00000000e9800000)
 ParOldGen       total 137728K, used 107155K [0x0000000080000000, 0x0000000088680000, 0x00000000d5580000)
  object space 137728K, 77% used [0x0000000080000000,0x00000000868a4d28,0x0000000088680000)
 Metaspace       used 103924K, capacity 108146K, committed 108376K, reserved 1142784K
  class space    used 13264K, capacity 14148K, committed 14208K, reserved 1048576K
}

