# JRE version: OpenJDK Runtime Environment (8.0_242-b01) (build 1.8.0_242-release-1644-b01)
# Java VM: OpenJDK 64-Bit Server VM (25.242-b01 mixed mode windows-amd64 compressed oops)
Heap:
 PSYoungGen      total 546816K, used 206693K [0x00000000d5580000, 0x00000000fb500000, 0x0000000100000000)
  eden space 529920K, 39% used [0x00000000d5580000,0x00000000e1f596b0,0x00000000f5b00000)
  from space 16896K, 0% used [0x00000000fa480000,0x00000000fa480000,0x00000000fb500000)
  to   space 38912K, 0% used [0x00000000f6900000,0x00000000f6900000,0x00000000f8f00000)
 ParOldGen       total 192512K, used 73946K [0x0000000080000000, 0x000000008bc00000, 0x00000000d5580000)
  object space 192512K, 38% used [0x0000000080000000,0x00000000848368c8,0x000000008bc00000)
 Metaspace       used 130125K, capacity 136138K, committed 140584K, reserved 1171456K
  class space    used 16367K, capacity 17485K, committed 18480K, reserved 1048576K
GC Heap History (10 events):
Event: 4459.678 GC heap before
{Heap before GC invocations=29 (full 4):
 PSYoungGen      total 621568K, used 619717K [0x00000000d5580000, 0x00000000fe580000, 0x0000000100000000)
  eden space 602112K, 100% used [0x00000000d5580000,0x00000000fa180000,0x00000000fa180000)
  from space 19456K, 90% used [0x00000000fd280000,0x00000000fe3b14a8,0x00000000fe580000)
  to   space 34816K, 0% used [0x00000000fa180000,0x00000000fa180000,0x00000000fc380000)
 ParOldGen       total 192512K, used 105937K [0x0000000080000000, 0x000000008bc00000, 0x00000000d5580000)
  object space 192512K, 55% used [0x0000000080000000,0x00000000867744e0,0x000000008bc00000)
 Metaspace       used 121874K, capacity 129540K, committed 129832K, reserved 1161216K
  class space    used 15593K, capacity 17138K, committed 17200K, reserved 1048576K
Event: 4459.702 GC heap after
Heap after GC invocations=29 (full 4):
 PSYoungGen      total 596480K, used 19177K [0x00000000d5580000, 0x00000000fd300000, 0x0000000100000000)
  eden space 577024K, 0% used [0x00000000d5580000,0x00000000d5580000,0x00000000f8900000)
  from space 19456K, 98% used [0x00000000fa180000,0x00000000fb43a750,0x00000000fb480000)
  to   space 31232K, 0% used [0x00000000fb480000,0x00000000fb480000,0x00000000fd300000)
 ParOldGen       total 192512K, used 105945K [0x0000000080000000, 0x000000008bc00000, 0x00000000d5580000)
  object space 192512K, 55% used [0x0000000080000000,0x00000000867764e0,0x000000008bc00000)
 Metaspace       used 121874K, capacity 129540K, committed 129832K, reserved 1161216K
  class space    used 15593K, capacity 17138K, committed 17200K, reserved 1048576K
}
Event: 8122.849 GC heap before
{Heap before GC invocations=30 (full 4):
 PSYoungGen      total 596480K, used 596201K [0x00000000d5580000, 0x00000000fd300000, 0x0000000100000000)
  eden space 577024K, 100% used [0x00000000d5580000,0x00000000f8900000,0x00000000f8900000)
  from space 19456K, 98% used [0x00000000fa180000,0x00000000fb43a750,0x00000000fb480000)
  to   space 31232K, 0% used [0x00000000fb480000,0x00000000fb480000,0x00000000fd300000)
 ParOldGen       total 192512K, used 105945K [0x0000000080000000, 0x000000008bc00000, 0x00000000d5580000)
  object space 192512K, 55% used [0x0000000080000000,0x00000000867764e0,0x000000008bc00000)
 Metaspace       used 128114K, capacity 136266K, committed 136488K, reserved 1167360K
  class space    used 16289K, capacity 17911K, committed 17968K, reserved 1048576K
Event: 8122.900 GC heap after
Heap after GC invocations=30 (full 4):
 PSYoungGen      total 578560K, used 25150K [0x00000000d5580000, 0x00000000fcd80000, 0x0000000100000000)
  eden space 552960K, 0% used [0x00000000d5580000,0x00000000d5580000,0x00000000f7180000)
  from space 25600K, 98% used [0x00000000fb480000,0x00000000fcd0fb58,0x00000000fcd80000)
  to   space 35840K, 0% used [0x00000000f8780000,0x00000000f8780000,0x00000000faa80000)
 ParOldGen       total 192512K, used 105953K [0x0000000080000000, 0x000000008bc00000, 0x00000000d5580000)
  object space 192512K, 55% used [0x0000000080000000,0x00000000867784e0,0x000000008bc00000)
 Metaspace       used 128114K, capacity 136266K, committed 136488K, reserved 1167360K
  class space    used 16289K, capacity 17911K, committed 17968K, reserved 1048576K
}
Event: 8127.660 GC heap before
{Heap before GC invocations=31 (full 4):
 PSYoungGen      total 578560K, used 578110K [0x00000000d5580000, 0x00000000fcd80000, 0x0000000100000000)
  eden space 552960K, 100% used [0x00000000d5580000,0x00000000f7180000,0x00000000f7180000)
  from space 25600K, 98% used [0x00000000fb480000,0x00000000fcd0fb58,0x00000000fcd80000)
  to   space 35840K, 0% used [0x00000000f8780000,0x00000000f8780000,0x00000000faa80000)
 ParOldGen       total 192512K, used 105953K [0x0000000080000000, 0x000000008bc00000, 0x00000000d5580000)
  object space 192512K, 55% used [0x0000000080000000,0x00000000867784e0,0x000000008bc00000)
 Metaspace       used 130619K, capacity 138958K, committed 139176K, reserved 1169408K
  class space    used 16595K, capacity 18261K, committed 18352K, reserved 1048576K
Event: 8127.696 GC heap after
Heap after GC invocations=31 (full 4):
 PSYoungGen      total 559616K, used 29582K [0x00000000d5580000, 0x00000000fb500000, 0x0000000100000000)
  eden space 529920K, 0% used [0x00000000d5580000,0x00000000d5580000,0x00000000f5b00000)
  from space 29696K, 99% used [0x00000000f8780000,0x00000000fa463a50,0x00000000fa480000)
  to   space 16896K, 0% used [0x00000000fa480000,0x00000000fa480000,0x00000000fb500000)
 ParOldGen       total 192512K, used 105961K [0x0000000080000000, 0x000000008bc00000, 0x00000000d5580000)
  object space 192512K, 55% used [0x0000000080000000,0x000000008677a4e0,0x000000008bc00000)
 Metaspace       used 130619K, capacity 138958K, committed 139176K, reserved 1169408K
  class space    used 16595K, capacity 18261K, committed 18352K, reserved 1048576K
}
Event: 8130.947 GC heap before
{Heap before GC invocations=32 (full 4):
 PSYoungGen      total 559616K, used 200017K [0x00000000d5580000, 0x00000000fb500000, 0x0000000100000000)
  eden space 529920K, 32% used [0x00000000d5580000,0x00000000dfbf0bd0,0x00000000f5b00000)
  from space 29696K, 99% used [0x00000000f8780000,0x00000000fa463a50,0x00000000fa480000)
  to   space 16896K, 0% used [0x00000000fa480000,0x00000000fa480000,0x00000000fb500000)
 ParOldGen       total 192512K, used 105961K [0x0000000080000000, 0x000000008bc00000, 0x00000000d5580000)
  object space 192512K, 55% used [0x0000000080000000,0x000000008677a4e0,0x000000008bc00000)
 Metaspace       used 132046K, capacity 140394K, committed 140584K, reserved 1171456K
  class space    used 16824K, capacity 18469K, committed 18480K, reserved 1048576K
Event: 8130.972 GC heap after
Heap after GC invocations=32 (full 4):
 PSYoungGen      total 546816K, used 16878K [0x00000000d5580000, 0x00000000fb500000, 0x0000000100000000)
  eden space 529920K, 0% used [0x00000000d5580000,0x00000000d5580000,0x00000000f5b00000)
  from space 16896K, 99% used [0x00000000fa480000,0x00000000fb4fbb20,0x00000000fb500000)
  to   space 38912K, 0% used [0x00000000f6900000,0x00000000f6900000,0x00000000f8f00000)
 ParOldGen       total 192512K, used 114041K [0x0000000080000000, 0x000000008bc00000, 0x00000000d5580000)
  object space 192512K, 59% used [0x0000000080000000,0x0000000086f5e458,0x000000008bc00000)
 Metaspace       used 132046K, capacity 140394K, committed 140584K, reserved 1171456K
  class space    used 16824K, capacity 18469K, committed 18480K, reserved 1048576K
}
Event: 8130.972 GC heap before
{Heap before GC invocations=33 (full 5):
 PSYoungGen      total 546816K, used 16878K [0x00000000d5580000, 0x00000000fb500000, 0x0000000100000000)
  eden space 529920K, 0% used [0x00000000d5580000,0x00000000d5580000,0x00000000f5b00000)
  from space 16896K, 99% used [0x00000000fa480000,0x00000000fb4fbb20,0x00000000fb500000)
  to   space 38912K, 0% used [0x00000000f6900000,0x00000000f6900000,0x00000000f8f00000)
 ParOldGen       total 192512K, used 114041K [0x0000000080000000, 0x000000008bc00000, 0x00000000d5580000)
  object space 192512K, 59% used [0x0000000080000000,0x0000000086f5e458,0x000000008bc00000)
 Metaspace       used 132046K, capacity 140394K, committed 140584K, reserved 1171456K
  class space    used 16824K, capacity 18469K, committed 18480K, reserved 1048576K
Event: 8131.392 GC heap after
Heap after GC invocations=33 (full 5):
 PSYoungGen      total 546816K, used 0K [0x00000000d5580000, 0x00000000fb500000, 0x0000000100000000)
  eden space 529920K, 0% used [0x00000000d5580000,0x00000000d5580000,0x00000000f5b00000)
  from space 16896K, 0% used [0x00000000fa480000,0x00000000fa480000,0x00000000fb500000)
  to   space 38912K, 0% used [0x00000000f6900000,0x00000000f6900000,0x00000000f8f00000)
 ParOldGen       total 192512K, used 73946K [0x0000000080000000, 0x000000008bc00000, 0x00000000d5580000)
  object space 192512K, 38% used [0x0000000080000000,0x00000000848368c8,0x000000008bc00000)
 Metaspace       used 129459K, capacity 135408K, committed 140584K, reserved 1171456K
  class space    used 16276K, capacity 17356K, committed 18480K, reserved 1048576K
}

