# JRE version: OpenJDK Runtime Environment (8.0_242-b01) (build 1.8.0_242-release-1644-b01)
# Java VM: OpenJDK 64-Bit Server VM (25.242-b01 mixed mode windows-amd64 compressed oops)
Heap:
 PSYoungGen      total 138240K, used 61233K [0x00000000d5d00000, 0x00000000e0d00000, 0x0000000100000000)
  eden space 133120K, 45% used [0x00000000d5d00000,0x00000000d98cc760,0x00000000ddf00000)
  from space 5120K, 0% used [0x00000000ddf00000,0x00000000ddf00000,0x00000000de400000)
  to   space 17920K, 0% used [0x00000000dfb80000,0x00000000dfb80000,0x00000000e0d00000)
 ParOldGen       total 76800K, used 26752K [0x0000000081600000, 0x0000000086100000, 0x00000000d5d00000)
  object space 76800K, 34% used [0x0000000081600000,0x0000000083020300,0x0000000086100000)
 Metaspace       used 42269K, capacity 42959K, committed 43520K, reserved 1087488K
  class space    used 5332K, capacity 5565K, committed 5632K, reserved 1048576K
GC Heap History (10 events):
Event: 1.275 GC heap before
{Heap before GC invocations=3 (full 0):
 PSYoungGen      total 71680K, used 28232K [0x00000000d5d00000, 0x00000000da800000, 0x0000000100000000)
  eden space 66560K, 34% used [0x00000000d5d00000,0x00000000d7394cc0,0x00000000d9e00000)
  from space 5120K, 99% used [0x00000000da300000,0x00000000da7fd630,0x00000000da800000)
  to   space 5120K, 0% used [0x00000000d9e00000,0x00000000d9e00000,0x00000000da300000)
 ParOldGen       total 87552K, used 7738K [0x0000000081600000, 0x0000000086b80000, 0x00000000d5d00000)
  object space 87552K, 8% used [0x0000000081600000,0x0000000081d8eb30,0x0000000086b80000)
 Metaspace       used 20750K, capacity 21210K, committed 21296K, reserved 1069056K
  class space    used 2372K, capacity 2545K, committed 2560K, reserved 1048576K
Event: 1.289 GC heap after
Heap after GC invocations=3 (full 0):
 PSYoungGen      total 71680K, used 5094K [0x00000000d5d00000, 0x00000000de900000, 0x0000000100000000)
  eden space 66560K, 0% used [0x00000000d5d00000,0x00000000d5d00000,0x00000000d9e00000)
  from space 5120K, 99% used [0x00000000d9e00000,0x00000000da2f9890,0x00000000da300000)
  to   space 5120K, 0% used [0x00000000de400000,0x00000000de400000,0x00000000de900000)
 ParOldGen       total 87552K, used 17721K [0x0000000081600000, 0x0000000086b80000, 0x00000000d5d00000)
  object space 87552K, 20% used [0x0000000081600000,0x000000008274e5c8,0x0000000086b80000)
 Metaspace       used 20750K, capacity 21210K, committed 21296K, reserved 1069056K
  class space    used 2372K, capacity 2545K, committed 2560K, reserved 1048576K
}
Event: 1.289 GC heap before
{Heap before GC invocations=4 (full 1):
 PSYoungGen      total 71680K, used 5094K [0x00000000d5d00000, 0x00000000de900000, 0x0000000100000000)
  eden space 66560K, 0% used [0x00000000d5d00000,0x00000000d5d00000,0x00000000d9e00000)
  from space 5120K, 99% used [0x00000000d9e00000,0x00000000da2f9890,0x00000000da300000)
  to   space 5120K, 0% used [0x00000000de400000,0x00000000de400000,0x00000000de900000)
 ParOldGen       total 87552K, used 17721K [0x0000000081600000, 0x0000000086b80000, 0x00000000d5d00000)
  object space 87552K, 20% used [0x0000000081600000,0x000000008274e5c8,0x0000000086b80000)
 Metaspace       used 20750K, capacity 21210K, committed 21296K, reserved 1069056K
  class space    used 2372K, capacity 2545K, committed 2560K, reserved 1048576K
Event: 1.326 GC heap after
Heap after GC invocations=4 (full 1):
 PSYoungGen      total 71680K, used 0K [0x00000000d5d00000, 0x00000000de900000, 0x0000000100000000)
  eden space 66560K, 0% used [0x00000000d5d00000,0x00000000d5d00000,0x00000000d9e00000)
  from space 5120K, 0% used [0x00000000d9e00000,0x00000000d9e00000,0x00000000da300000)
  to   space 5120K, 0% used [0x00000000de400000,0x00000000de400000,0x00000000de900000)
 ParOldGen       total 76800K, used 15062K [0x0000000081600000, 0x0000000086100000, 0x00000000d5d00000)
  object space 76800K, 19% used [0x0000000081600000,0x00000000824b5bf8,0x0000000086100000)
 Metaspace       used 20750K, capacity 21210K, committed 21296K, reserved 1069056K
  class space    used 2372K, capacity 2545K, committed 2560K, reserved 1048576K
}
Event: 2.102 GC heap before
{Heap before GC invocations=5 (full 1):
 PSYoungGen      total 71680K, used 66560K [0x00000000d5d00000, 0x00000000de900000, 0x0000000100000000)
  eden space 66560K, 100% used [0x00000000d5d00000,0x00000000d9e00000,0x00000000d9e00000)
  from space 5120K, 0% used [0x00000000d9e00000,0x00000000d9e00000,0x00000000da300000)
  to   space 5120K, 0% used [0x00000000de400000,0x00000000de400000,0x00000000de900000)
 ParOldGen       total 76800K, used 15062K [0x0000000081600000, 0x0000000086100000, 0x00000000d5d00000)
  object space 76800K, 19% used [0x0000000081600000,0x00000000824b5bf8,0x0000000086100000)
 Metaspace       used 30013K, capacity 30531K, committed 30848K, reserved 1077248K
  class space    used 3772K, capacity 3932K, committed 3968K, reserved 1048576K
Event: 2.115 GC heap after
Heap after GC invocations=5 (full 1):
 PSYoungGen      total 103424K, used 5091K [0x00000000d5d00000, 0x00000000de900000, 0x0000000100000000)
  eden space 98304K, 0% used [0x00000000d5d00000,0x00000000d5d00000,0x00000000dbd00000)
  from space 5120K, 99% used [0x00000000de400000,0x00000000de8f8f50,0x00000000de900000)
  to   space 5120K, 0% used [0x00000000ddf00000,0x00000000ddf00000,0x00000000de400000)
 ParOldGen       total 76800K, used 25539K [0x0000000081600000, 0x0000000086100000, 0x00000000d5d00000)
  object space 76800K, 33% used [0x0000000081600000,0x0000000082ef0ca0,0x0000000086100000)
 Metaspace       used 30013K, capacity 30531K, committed 30848K, reserved 1077248K
  class space    used 3772K, capacity 3932K, committed 3968K, reserved 1048576K
}
Event: 2.424 GC heap before
{Heap before GC invocations=6 (full 1):
 PSYoungGen      total 103424K, used 34799K [0x00000000d5d00000, 0x00000000de900000, 0x0000000100000000)
  eden space 98304K, 30% used [0x00000000d5d00000,0x00000000d7a02db8,0x00000000dbd00000)
  from space 5120K, 99% used [0x00000000de400000,0x00000000de8f8f50,0x00000000de900000)
  to   space 5120K, 0% used [0x00000000ddf00000,0x00000000ddf00000,0x00000000de400000)
 ParOldGen       total 76800K, used 25539K [0x0000000081600000, 0x0000000086100000, 0x00000000d5d00000)
  object space 76800K, 33% used [0x0000000081600000,0x0000000082ef0ca0,0x0000000086100000)
 Metaspace       used 34630K, capacity 35231K, committed 35496K, reserved 1081344K
  class space    used 4368K, capacity 4576K, committed 4608K, reserved 1048576K
Event: 2.431 GC heap after
Heap after GC invocations=6 (full 1):
 PSYoungGen      total 138240K, used 5091K [0x00000000d5d00000, 0x00000000e0d00000, 0x0000000100000000)
  eden space 133120K, 0% used [0x00000000d5d00000,0x00000000d5d00000,0x00000000ddf00000)
  from space 5120K, 99% used [0x00000000ddf00000,0x00000000de3f8f50,0x00000000de400000)
  to   space 17920K, 0% used [0x00000000dfb80000,0x00000000dfb80000,0x00000000e0d00000)
 ParOldGen       total 76800K, used 32920K [0x0000000081600000, 0x0000000086100000, 0x00000000d5d00000)
  object space 76800K, 42% used [0x0000000081600000,0x00000000836261f8,0x0000000086100000)
 Metaspace       used 34630K, capacity 35231K, committed 35496K, reserved 1081344K
  class space    used 4368K, capacity 4576K, committed 4608K, reserved 1048576K
}
Event: 2.431 GC heap before
{Heap before GC invocations=7 (full 2):
 PSYoungGen      total 138240K, used 5091K [0x00000000d5d00000, 0x00000000e0d00000, 0x0000000100000000)
  eden space 133120K, 0% used [0x00000000d5d00000,0x00000000d5d00000,0x00000000ddf00000)
  from space 5120K, 99% used [0x00000000ddf00000,0x00000000de3f8f50,0x00000000de400000)
  to   space 17920K, 0% used [0x00000000dfb80000,0x00000000dfb80000,0x00000000e0d00000)
 ParOldGen       total 76800K, used 32920K [0x0000000081600000, 0x0000000086100000, 0x00000000d5d00000)
  object space 76800K, 42% used [0x0000000081600000,0x00000000836261f8,0x0000000086100000)
 Metaspace       used 34630K, capacity 35231K, committed 35496K, reserved 1081344K
  class space    used 4368K, capacity 4576K, committed 4608K, reserved 1048576K
Event: 2.495 GC heap after
Heap after GC invocations=7 (full 2):
 PSYoungGen      total 138240K, used 0K [0x00000000d5d00000, 0x00000000e0d00000, 0x0000000100000000)
  eden space 133120K, 0% used [0x00000000d5d00000,0x00000000d5d00000,0x00000000ddf00000)
  from space 5120K, 0% used [0x00000000ddf00000,0x00000000ddf00000,0x00000000de400000)
  to   space 17920K, 0% used [0x00000000dfb80000,0x00000000dfb80000,0x00000000e0d00000)
 ParOldGen       total 76800K, used 26752K [0x0000000081600000, 0x0000000086100000, 0x00000000d5d00000)
  object space 76800K, 34% used [0x0000000081600000,0x0000000083020300,0x0000000086100000)
 Metaspace       used 34630K, capacity 35231K, committed 35496K, reserved 1081344K
  class space    used 4368K, capacity 4576K, committed 4608K, reserved 1048576K
}

