# JRE version: OpenJDK Runtime Environment (8.0_242-b01) (build 1.8.0_242-release-1644-b01)
# Java VM: OpenJDK 64-Bit Server VM (25.242-b01 mixed mode windows-amd64 compressed oops)
Heap:
 PSYoungGen      total 521728K, used 330047K [0x00000000d5580000, 0x00000000f7b80000, 0x0000000100000000)
  eden space 482304K, 63% used [0x00000000d5580000,0x00000000e82a21a8,0x00000000f2c80000)
  from space 39424K, 55% used [0x00000000f5500000,0x00000000f6a2dc68,0x00000000f7b80000)
  to   space 40448K, 0% used [0x00000000f2c80000,0x00000000f2c80000,0x00000000f5400000)
 ParOldGen       total 239104K, used 144830K [0x0000000080000000, 0x000000008e980000, 0x00000000d5580000)
  object space 239104K, 60% used [0x0000000080000000,0x0000000088d6fbf0,0x000000008e980000)
 Metaspace       used 97054K, capacity 102270K, committed 102552K, reserved 1138688K
  class space    used 12842K, capacity 13874K, committed 13992K, reserved 1048576K
GC Heap History (10 events):
Event: 78.453 GC heap before
{Heap before GC invocations=26 (full 4):
 PSYoungGen      total 361984K, used 327950K [0x00000000d5580000, 0x00000000f2a80000, 0x0000000100000000)
  eden space 317440K, 100% used [0x00000000d5580000,0x00000000e8b80000,0x00000000e8b80000)
  from space 44544K, 23% used [0x00000000e8b80000,0x00000000e95c3890,0x00000000eb700000)
  to   space 43520K, 0% used [0x00000000f0000000,0x00000000f0000000,0x00000000f2a80000)
 ParOldGen       total 239104K, used 103540K [0x0000000080000000, 0x000000008e980000, 0x00000000d5580000)
  object space 239104K, 43% used [0x0000000080000000,0x000000008651d1c0,0x000000008e980000)
 Metaspace       used 96632K, capacity 101922K, committed 102168K, reserved 1138688K
  class space    used 12819K, capacity 13834K, committed 13864K, reserved 1048576K
Event: 78.485 GC heap after
Heap after GC invocations=26 (full 4):
 PSYoungGen      total 433664K, used 21688K [0x00000000d5580000, 0x00000000f2800000, 0x0000000100000000)
  eden space 392704K, 0% used [0x00000000d5580000,0x00000000d5580000,0x00000000ed500000)
  from space 40960K, 52% used [0x00000000f0000000,0x00000000f152e358,0x00000000f2800000)
  to   space 42496K, 0% used [0x00000000ed500000,0x00000000ed500000,0x00000000efe80000)
 ParOldGen       total 239104K, used 107033K [0x0000000080000000, 0x000000008e980000, 0x00000000d5580000)
  object space 239104K, 44% used [0x0000000080000000,0x0000000086886668,0x000000008e980000)
 Metaspace       used 96632K, capacity 101922K, committed 102168K, reserved 1138688K
  class space    used 12819K, capacity 13834K, committed 13864K, reserved 1048576K
}
Event: 79.363 GC heap before
{Heap before GC invocations=27 (full 4):
 PSYoungGen      total 433664K, used 414392K [0x00000000d5580000, 0x00000000f2800000, 0x0000000100000000)
  eden space 392704K, 100% used [0x00000000d5580000,0x00000000ed500000,0x00000000ed500000)
  from space 40960K, 52% used [0x00000000f0000000,0x00000000f152e358,0x00000000f2800000)
  to   space 42496K, 0% used [0x00000000ed500000,0x00000000ed500000,0x00000000efe80000)
 ParOldGen       total 239104K, used 107033K [0x0000000080000000, 0x000000008e980000, 0x00000000d5580000)
  object space 239104K, 44% used [0x0000000080000000,0x0000000086886668,0x000000008e980000)
 Metaspace       used 96802K, capacity 102038K, committed 102296K, reserved 1138688K
  class space    used 12835K, capacity 13868K, committed 13992K, reserved 1048576K
Event: 79.388 GC heap after
Heap after GC invocations=27 (full 4):
 PSYoungGen      total 435200K, used 14184K [0x00000000d5580000, 0x00000000f7c80000, 0x0000000100000000)
  eden space 392704K, 0% used [0x00000000d5580000,0x00000000d5580000,0x00000000ed500000)
  from space 42496K, 33% used [0x00000000ed500000,0x00000000ee2da0b8,0x00000000efe80000)
  to   space 40448K, 0% used [0x00000000f5500000,0x00000000f5500000,0x00000000f7c80000)
 ParOldGen       total 239104K, used 125095K [0x0000000080000000, 0x000000008e980000, 0x00000000d5580000)
  object space 239104K, 52% used [0x0000000080000000,0x0000000087a29f70,0x000000008e980000)
 Metaspace       used 96802K, capacity 102038K, committed 102296K, reserved 1138688K
  class space    used 12835K, capacity 13868K, committed 13992K, reserved 1048576K
}
Event: 80.058 GC heap before
{Heap before GC invocations=28 (full 4):
 PSYoungGen      total 435200K, used 406888K [0x00000000d5580000, 0x00000000f7c80000, 0x0000000100000000)
  eden space 392704K, 100% used [0x00000000d5580000,0x00000000ed500000,0x00000000ed500000)
  from space 42496K, 33% used [0x00000000ed500000,0x00000000ee2da0b8,0x00000000efe80000)
  to   space 40448K, 0% used [0x00000000f5500000,0x00000000f5500000,0x00000000f7c80000)
 ParOldGen       total 239104K, used 125095K [0x0000000080000000, 0x000000008e980000, 0x00000000d5580000)
  object space 239104K, 52% used [0x0000000080000000,0x0000000087a29f70,0x000000008e980000)
 Metaspace       used 96854K, capacity 102114K, committed 102296K, reserved 1138688K
  class space    used 12835K, capacity 13868K, committed 13992K, reserved 1048576K
Event: 80.079 GC heap after
Heap after GC invocations=28 (full 4):
 PSYoungGen      total 521728K, used 4656K [0x00000000d5580000, 0x00000000f7b80000, 0x0000000100000000)
  eden space 482304K, 0% used [0x00000000d5580000,0x00000000d5580000,0x00000000f2c80000)
  from space 39424K, 11% used [0x00000000f5500000,0x00000000f598c040,0x00000000f7b80000)
  to   space 40448K, 0% used [0x00000000f2c80000,0x00000000f2c80000,0x00000000f5400000)
 ParOldGen       total 239104K, used 137718K [0x0000000080000000, 0x000000008e980000, 0x00000000d5580000)
  object space 239104K, 57% used [0x0000000080000000,0x000000008867d820,0x000000008e980000)
 Metaspace       used 96854K, capacity 102114K, committed 102296K, reserved 1138688K
  class space    used 12835K, capacity 13868K, committed 13992K, reserved 1048576K
}
Event: 80.868 GC heap before
{Heap before GC invocations=29 (full 4):
 PSYoungGen      total 521728K, used 486960K [0x00000000d5580000, 0x00000000f7b80000, 0x0000000100000000)
  eden space 482304K, 100% used [0x00000000d5580000,0x00000000f2c80000,0x00000000f2c80000)
  from space 39424K, 11% used [0x00000000f5500000,0x00000000f598c040,0x00000000f7b80000)
  to   space 40448K, 0% used [0x00000000f2c80000,0x00000000f2c80000,0x00000000f5400000)
 ParOldGen       total 239104K, used 137718K [0x0000000080000000, 0x000000008e980000, 0x00000000d5580000)
  object space 239104K, 57% used [0x0000000080000000,0x000000008867d820,0x000000008e980000)
 Metaspace       used 96929K, capacity 102206K, committed 102552K, reserved 1138688K
  class space    used 12841K, capacity 13874K, committed 13992K, reserved 1048576K
Event: 80.881 GC heap after
Heap after GC invocations=29 (full 4):
 PSYoungGen      total 522752K, used 4468K [0x00000000d5580000, 0x00000000f7b80000, 0x0000000100000000)
  eden space 482304K, 0% used [0x00000000d5580000,0x00000000d5580000,0x00000000f2c80000)
  from space 40448K, 11% used [0x00000000f2c80000,0x00000000f30dd0a0,0x00000000f5400000)
  to   space 39424K, 0% used [0x00000000f5500000,0x00000000f5500000,0x00000000f7b80000)
 ParOldGen       total 239104K, used 141641K [0x0000000080000000, 0x000000008e980000, 0x00000000d5580000)
  object space 239104K, 59% used [0x0000000080000000,0x0000000088a52468,0x000000008e980000)
 Metaspace       used 96929K, capacity 102206K, committed 102552K, reserved 1138688K
  class space    used 12841K, capacity 13874K, committed 13992K, reserved 1048576K
}
Event: 81.798 GC heap before
{Heap before GC invocations=30 (full 4):
 PSYoungGen      total 522752K, used 486772K [0x00000000d5580000, 0x00000000f7b80000, 0x0000000100000000)
  eden space 482304K, 100% used [0x00000000d5580000,0x00000000f2c80000,0x00000000f2c80000)
  from space 40448K, 11% used [0x00000000f2c80000,0x00000000f30dd0a0,0x00000000f5400000)
  to   space 39424K, 0% used [0x00000000f5500000,0x00000000f5500000,0x00000000f7b80000)
 ParOldGen       total 239104K, used 141939K [0x0000000080000000, 0x000000008e980000, 0x00000000d5580000)
  object space 239104K, 59% used [0x0000000080000000,0x0000000088a9cfe0,0x000000008e980000)
 Metaspace       used 97028K, capacity 102270K, committed 102552K, reserved 1138688K
  class space    used 12841K, capacity 13874K, committed 13992K, reserved 1048576K
Event: 81.832 GC heap after
Heap after GC invocations=30 (full 4):
 PSYoungGen      total 521728K, used 21687K [0x00000000d5580000, 0x00000000f7b80000, 0x0000000100000000)
  eden space 482304K, 0% used [0x00000000d5580000,0x00000000d5580000,0x00000000f2c80000)
  from space 39424K, 55% used [0x00000000f5500000,0x00000000f6a2dc68,0x00000000f7b80000)
  to   space 40448K, 0% used [0x00000000f2c80000,0x00000000f2c80000,0x00000000f5400000)
 ParOldGen       total 239104K, used 144830K [0x0000000080000000, 0x000000008e980000, 0x00000000d5580000)
  object space 239104K, 60% used [0x0000000080000000,0x0000000088d6fbf0,0x000000008e980000)
 Metaspace       used 97028K, capacity 102270K, committed 102552K, reserved 1138688K
  class space    used 12841K, capacity 13874K, committed 13992K, reserved 1048576K
}

