# JRE version: OpenJDK Runtime Environment (8.0_242-b01) (build 1.8.0_242-release-1644-b01)
# Java VM: OpenJDK 64-Bit Server VM (25.242-b01 mixed mode windows-amd64 compressed oops)
Heap:
 PSYoungGen      total 151040K, used 25986K [0x00000000d5d00000, 0x00000000e0700000, 0x0000000100000000)
  eden space 133120K, 6% used [0x00000000d5d00000,0x00000000d64e6b40,0x00000000ddf00000)
  from space 17920K, 99% used [0x00000000df580000,0x00000000e06f9f10,0x00000000e0700000)
  to   space 5120K, 0% used [0x00000000ddf00000,0x00000000ddf00000,0x00000000de400000)
 ParOldGen       total 123904K, used 75522K [0x0000000081600000, 0x0000000088f00000, 0x00000000d5d00000)
  object space 123904K, 60% used [0x0000000081600000,0x0000000085fc0b80,0x0000000088f00000)
 Metaspace       used 57189K, capacity 58335K, committed 58624K, reserved 1101824K
  class space    used 6805K, capacity 7107K, committed 7168K, reserved 1048576K
GC Heap History (10 events):
Event: 2.443 GC heap before
{Heap before GC invocations=6 (full 1):
 PSYoungGen      total 101376K, used 37907K [0x00000000d5d00000, 0x00000000de900000, 0x0000000100000000)
  eden space 96256K, 34% used [0x00000000d5d00000,0x00000000d7d09f68,0x00000000dbb00000)
  from space 5120K, 99% used [0x00000000de400000,0x00000000de8fb050,0x00000000de900000)
  to   space 5120K, 0% used [0x00000000ddf00000,0x00000000ddf00000,0x00000000de400000)
 ParOldGen       total 77824K, used 25351K [0x0000000081600000, 0x0000000086200000, 0x00000000d5d00000)
  object space 77824K, 32% used [0x0000000081600000,0x0000000082ec1e98,0x0000000086200000)
 Metaspace       used 34694K, capacity 35235K, committed 35496K, reserved 1081344K
  class space    used 4386K, capacity 4576K, committed 4608K, reserved 1048576K
Event: 2.450 GC heap after
Heap after GC invocations=6 (full 1):
 PSYoungGen      total 138240K, used 5100K [0x00000000d5d00000, 0x00000000e0700000, 0x0000000100000000)
  eden space 133120K, 0% used [0x00000000d5d00000,0x00000000d5d00000,0x00000000ddf00000)
  from space 5120K, 99% used [0x00000000ddf00000,0x00000000de3fb050,0x00000000de400000)
  to   space 17920K, 0% used [0x00000000df580000,0x00000000df580000,0x00000000e0700000)
 ParOldGen       total 77824K, used 33248K [0x0000000081600000, 0x0000000086200000, 0x00000000d5d00000)
  object space 77824K, 42% used [0x0000000081600000,0x0000000083678210,0x0000000086200000)
 Metaspace       used 34694K, capacity 35235K, committed 35496K, reserved 1081344K
  class space    used 4386K, capacity 4576K, committed 4608K, reserved 1048576K
}
Event: 2.450 GC heap before
{Heap before GC invocations=7 (full 2):
 PSYoungGen      total 138240K, used 5100K [0x00000000d5d00000, 0x00000000e0700000, 0x0000000100000000)
  eden space 133120K, 0% used [0x00000000d5d00000,0x00000000d5d00000,0x00000000ddf00000)
  from space 5120K, 99% used [0x00000000ddf00000,0x00000000de3fb050,0x00000000de400000)
  to   space 17920K, 0% used [0x00000000df580000,0x00000000df580000,0x00000000e0700000)
 ParOldGen       total 77824K, used 33248K [0x0000000081600000, 0x0000000086200000, 0x00000000d5d00000)
  object space 77824K, 42% used [0x0000000081600000,0x0000000083678210,0x0000000086200000)
 Metaspace       used 34694K, capacity 35235K, committed 35496K, reserved 1081344K
  class space    used 4386K, capacity 4576K, committed 4608K, reserved 1048576K
Event: 2.502 GC heap after
Heap after GC invocations=7 (full 2):
 PSYoungGen      total 138240K, used 0K [0x00000000d5d00000, 0x00000000e0700000, 0x0000000100000000)
  eden space 133120K, 0% used [0x00000000d5d00000,0x00000000d5d00000,0x00000000ddf00000)
  from space 5120K, 0% used [0x00000000ddf00000,0x00000000ddf00000,0x00000000de400000)
  to   space 17920K, 0% used [0x00000000df580000,0x00000000df580000,0x00000000e0700000)
 ParOldGen       total 123904K, used 27235K [0x0000000081600000, 0x0000000088f00000, 0x00000000d5d00000)
  object space 123904K, 21% used [0x0000000081600000,0x0000000083098d80,0x0000000088f00000)
 Metaspace       used 34694K, capacity 35235K, committed 35496K, reserved 1081344K
  class space    used 4386K, capacity 4576K, committed 4608K, reserved 1048576K
}
Event: 4.264 GC heap before
{Heap before GC invocations=8 (full 2):
 PSYoungGen      total 138240K, used 133120K [0x00000000d5d00000, 0x00000000e0700000, 0x0000000100000000)
  eden space 133120K, 100% used [0x00000000d5d00000,0x00000000ddf00000,0x00000000ddf00000)
  from space 5120K, 0% used [0x00000000ddf00000,0x00000000ddf00000,0x00000000de400000)
  to   space 17920K, 0% used [0x00000000df580000,0x00000000df580000,0x00000000e0700000)
 ParOldGen       total 123904K, used 27235K [0x0000000081600000, 0x0000000088f00000, 0x00000000d5d00000)
  object space 123904K, 21% used [0x0000000081600000,0x0000000083098d80,0x0000000088f00000)
 Metaspace       used 47832K, capacity 48625K, committed 49152K, reserved 1091584K
  class space    used 5862K, capacity 6098K, committed 6144K, reserved 1048576K
Event: 4.288 GC heap after
Heap after GC invocations=8 (full 2):
 PSYoungGen      total 151040K, used 17910K [0x00000000d5d00000, 0x00000000e0700000, 0x0000000100000000)
  eden space 133120K, 0% used [0x00000000d5d00000,0x00000000d5d00000,0x00000000ddf00000)
  from space 17920K, 99% used [0x00000000df580000,0x00000000e06fd8e0,0x00000000e0700000)
  to   space 5120K, 0% used [0x00000000ddf00000,0x00000000ddf00000,0x00000000de400000)
 ParOldGen       total 123904K, used 38750K [0x0000000081600000, 0x0000000088f00000, 0x00000000d5d00000)
  object space 123904K, 31% used [0x0000000081600000,0x0000000083bd7b40,0x0000000088f00000)
 Metaspace       used 47832K, capacity 48625K, committed 49152K, reserved 1091584K
  class space    used 5862K, capacity 6098K, committed 6144K, reserved 1048576K
}
Event: 7.249 GC heap before
{Heap before GC invocations=9 (full 2):
 PSYoungGen      total 151040K, used 151030K [0x00000000d5d00000, 0x00000000e0700000, 0x0000000100000000)
  eden space 133120K, 100% used [0x00000000d5d00000,0x00000000ddf00000,0x00000000ddf00000)
  from space 17920K, 99% used [0x00000000df580000,0x00000000e06fd8e0,0x00000000e0700000)
  to   space 5120K, 0% used [0x00000000ddf00000,0x00000000ddf00000,0x00000000de400000)
 ParOldGen       total 123904K, used 38750K [0x0000000081600000, 0x0000000088f00000, 0x00000000d5d00000)
  object space 123904K, 31% used [0x0000000081600000,0x0000000083bd7b40,0x0000000088f00000)
 Metaspace       used 55559K, capacity 56611K, committed 56960K, reserved 1099776K
  class space    used 6674K, capacity 6971K, committed 7040K, reserved 1048576K
Event: 7.280 GC heap after
Heap after GC invocations=9 (full 2):
 PSYoungGen      total 138240K, used 5101K [0x00000000d5d00000, 0x00000000e0700000, 0x0000000100000000)
  eden space 133120K, 0% used [0x00000000d5d00000,0x00000000d5d00000,0x00000000ddf00000)
  from space 5120K, 99% used [0x00000000ddf00000,0x00000000de3fb5c0,0x00000000de400000)
  to   space 17920K, 0% used [0x00000000df580000,0x00000000df580000,0x00000000e0700000)
 ParOldGen       total 123904K, used 71851K [0x0000000081600000, 0x0000000088f00000, 0x00000000d5d00000)
  object space 123904K, 57% used [0x0000000081600000,0x0000000085c2ac08,0x0000000088f00000)
 Metaspace       used 55559K, capacity 56611K, committed 56960K, reserved 1099776K
  class space    used 6674K, capacity 6971K, committed 7040K, reserved 1048576K
}
Event: 9.181 GC heap before
{Heap before GC invocations=10 (full 2):
 PSYoungGen      total 138240K, used 138221K [0x00000000d5d00000, 0x00000000e0700000, 0x0000000100000000)
  eden space 133120K, 100% used [0x00000000d5d00000,0x00000000ddf00000,0x00000000ddf00000)
  from space 5120K, 99% used [0x00000000ddf00000,0x00000000de3fb5c0,0x00000000de400000)
  to   space 17920K, 0% used [0x00000000df580000,0x00000000df580000,0x00000000e0700000)
 ParOldGen       total 123904K, used 71851K [0x0000000081600000, 0x0000000088f00000, 0x00000000d5d00000)
  object space 123904K, 57% used [0x0000000081600000,0x0000000085c2ac08,0x0000000088f00000)
 Metaspace       used 57091K, capacity 58239K, committed 58624K, reserved 1101824K
  class space    used 6792K, capacity 7075K, committed 7168K, reserved 1048576K
Event: 9.215 GC heap after
Heap after GC invocations=10 (full 2):
 PSYoungGen      total 151040K, used 17895K [0x00000000d5d00000, 0x00000000e0700000, 0x0000000100000000)
  eden space 133120K, 0% used [0x00000000d5d00000,0x00000000d5d00000,0x00000000ddf00000)
  from space 17920K, 99% used [0x00000000df580000,0x00000000e06f9f10,0x00000000e0700000)
  to   space 5120K, 0% used [0x00000000ddf00000,0x00000000ddf00000,0x00000000de400000)
 ParOldGen       total 123904K, used 75522K [0x0000000081600000, 0x0000000088f00000, 0x00000000d5d00000)
  object space 123904K, 60% used [0x0000000081600000,0x0000000085fc0b80,0x0000000088f00000)
 Metaspace       used 57091K, capacity 58239K, committed 58624K, reserved 1101824K
  class space    used 6792K, capacity 7075K, committed 7168K, reserved 1048576K
}

