# JRE version: OpenJDK Runtime Environment (8.0_242-b01) (build 1.8.0_242-release-1644-b01)
# Java VM: OpenJDK 64-Bit Server VM (25.242-b01 mixed mode windows-amd64 compressed oops)
Heap:
 PSYoungGen      total 208384K, used 9959K [0x00000000d5d00000, 0x00000000e5c00000, 0x0000000100000000)
  eden space 164864K, 6% used [0x00000000d5d00000,0x00000000d66b9fa8,0x00000000dfe00000)
  from space 43520K, 0% used [0x00000000dfe00000,0x00000000dfe00000,0x00000000e2880000)
  to   space 35840K, 0% used [0x00000000e2880000,0x00000000e2880000,0x00000000e4b80000)
 ParOldGen       total 123904K, used 67798K [0x0000000081600000, 0x0000000088f00000, 0x00000000d5d00000)
  object space 123904K, 54% used [0x0000000081600000,0x0000000085835868,0x0000000088f00000)
 Metaspace       used 57829K, capacity 59043K, committed 59264K, reserved 1101824K
  class space    used 6849K, capacity 7183K, committed 7296K, reserved 1048576K
GC Heap History (10 events):
Event: 3.948 GC heap before
{Heap before GC invocations=8 (full 2):
 PSYoungGen      total 138240K, used 133120K [0x00000000d5d00000, 0x00000000e0480000, 0x0000000100000000)
  eden space 133120K, 100% used [0x00000000d5d00000,0x00000000ddf00000,0x00000000ddf00000)
  from space 5120K, 0% used [0x00000000ddf00000,0x00000000ddf00000,0x00000000de400000)
  to   space 17920K, 0% used [0x00000000df300000,0x00000000df300000,0x00000000e0480000)
 ParOldGen       total 123904K, used 26805K [0x0000000081600000, 0x0000000088f00000, 0x00000000d5d00000)
  object space 123904K, 21% used [0x0000000081600000,0x000000008302d6b0,0x0000000088f00000)
 Metaspace       used 47743K, capacity 48561K, committed 48896K, reserved 1091584K
  class space    used 5863K, capacity 6098K, committed 6144K, reserved 1048576K
Event: 3.974 GC heap after
Heap after GC invocations=8 (full 2):
 PSYoungGen      total 145408K, used 17909K [0x00000000d5d00000, 0x00000000e4180000, 0x0000000100000000)
  eden space 127488K, 0% used [0x00000000d5d00000,0x00000000d5d00000,0x00000000dd980000)
  from space 17920K, 99% used [0x00000000df300000,0x00000000e047d478,0x00000000e0480000)
  to   space 26112K, 0% used [0x00000000dd980000,0x00000000dd980000,0x00000000df300000)
 ParOldGen       total 123904K, used 37576K [0x0000000081600000, 0x0000000088f00000, 0x00000000d5d00000)
  object space 123904K, 30% used [0x0000000081600000,0x0000000083ab2060,0x0000000088f00000)
 Metaspace       used 47743K, capacity 48561K, committed 48896K, reserved 1091584K
  class space    used 5863K, capacity 6098K, committed 6144K, reserved 1048576K
}
Event: 6.021 GC heap before
{Heap before GC invocations=9 (full 2):
 PSYoungGen      total 145408K, used 145397K [0x00000000d5d00000, 0x00000000e4180000, 0x0000000100000000)
  eden space 127488K, 100% used [0x00000000d5d00000,0x00000000dd980000,0x00000000dd980000)
  from space 17920K, 99% used [0x00000000df300000,0x00000000e047d478,0x00000000e0480000)
  to   space 26112K, 0% used [0x00000000dd980000,0x00000000dd980000,0x00000000df300000)
 ParOldGen       total 123904K, used 37576K [0x0000000081600000, 0x0000000088f00000, 0x00000000d5d00000)
  object space 123904K, 30% used [0x0000000081600000,0x0000000083ab2060,0x0000000088f00000)
 Metaspace       used 55371K, capacity 56483K, committed 56704K, reserved 1099776K
  class space    used 6678K, capacity 6971K, committed 7040K, reserved 1048576K
Event: 6.057 GC heap after
Heap after GC invocations=9 (full 2):
 PSYoungGen      total 153600K, used 26110K [0x00000000d5d00000, 0x00000000e4b80000, 0x0000000100000000)
  eden space 127488K, 0% used [0x00000000d5d00000,0x00000000d5d00000,0x00000000dd980000)
  from space 26112K, 99% used [0x00000000dd980000,0x00000000df2ff8f0,0x00000000df300000)
  to   space 35840K, 0% used [0x00000000e2880000,0x00000000e2880000,0x00000000e4b80000)
 ParOldGen       total 123904K, used 48688K [0x0000000081600000, 0x0000000088f00000, 0x00000000d5d00000)
  object space 123904K, 39% used [0x0000000081600000,0x000000008458c100,0x0000000088f00000)
 Metaspace       used 55371K, capacity 56483K, committed 56704K, reserved 1099776K
  class space    used 6678K, capacity 6971K, committed 7040K, reserved 1048576K
}
Event: 8.113 GC heap before
{Heap before GC invocations=10 (full 2):
 PSYoungGen      total 153600K, used 153598K [0x00000000d5d00000, 0x00000000e4b80000, 0x0000000100000000)
  eden space 127488K, 100% used [0x00000000d5d00000,0x00000000dd980000,0x00000000dd980000)
  from space 26112K, 99% used [0x00000000dd980000,0x00000000df2ff8f0,0x00000000df300000)
  to   space 35840K, 0% used [0x00000000e2880000,0x00000000e2880000,0x00000000e4b80000)
 ParOldGen       total 123904K, used 48688K [0x0000000081600000, 0x0000000088f00000, 0x00000000d5d00000)
  object space 123904K, 39% used [0x0000000081600000,0x000000008458c100,0x0000000088f00000)
 Metaspace       used 56576K, capacity 57753K, committed 58112K, reserved 1099776K
  class space    used 6733K, capacity 7042K, committed 7168K, reserved 1048576K
Event: 8.161 GC heap after
Heap after GC invocations=10 (full 2):
 PSYoungGen      total 200704K, used 35835K [0x00000000d5d00000, 0x00000000e5c00000, 0x0000000100000000)
  eden space 164864K, 0% used [0x00000000d5d00000,0x00000000d5d00000,0x00000000dfe00000)
  from space 35840K, 99% used [0x00000000e2880000,0x00000000e4b7ef30,0x00000000e4b80000)
  to   space 43520K, 0% used [0x00000000dfe00000,0x00000000dfe00000,0x00000000e2880000)
 ParOldGen       total 123904K, used 52918K [0x0000000081600000, 0x0000000088f00000, 0x00000000d5d00000)
  object space 123904K, 42% used [0x0000000081600000,0x00000000849adab0,0x0000000088f00000)
 Metaspace       used 56576K, capacity 57753K, committed 58112K, reserved 1099776K
  class space    used 6733K, capacity 7042K, committed 7168K, reserved 1048576K
}
Event: 8.674 GC heap before
{Heap before GC invocations=11 (full 2):
 PSYoungGen      total 200704K, used 75114K [0x00000000d5d00000, 0x00000000e5c00000, 0x0000000100000000)
  eden space 164864K, 23% used [0x00000000d5d00000,0x00000000d835b928,0x00000000dfe00000)
  from space 35840K, 99% used [0x00000000e2880000,0x00000000e4b7ef30,0x00000000e4b80000)
  to   space 43520K, 0% used [0x00000000dfe00000,0x00000000dfe00000,0x00000000e2880000)
 ParOldGen       total 123904K, used 52918K [0x0000000081600000, 0x0000000088f00000, 0x00000000d5d00000)
  object space 123904K, 42% used [0x0000000081600000,0x00000000849adab0,0x0000000088f00000)
 Metaspace       used 57626K, capacity 58789K, committed 59136K, reserved 1101824K
  class space    used 6837K, capacity 7146K, committed 7168K, reserved 1048576K
Event: 8.716 GC heap after
Heap after GC invocations=11 (full 2):
 PSYoungGen      total 208384K, used 23820K [0x00000000d5d00000, 0x00000000e5c00000, 0x0000000100000000)
  eden space 164864K, 0% used [0x00000000d5d00000,0x00000000d5d00000,0x00000000dfe00000)
  from space 43520K, 54% used [0x00000000dfe00000,0x00000000e1543348,0x00000000e2880000)
  to   space 35840K, 0% used [0x00000000e2880000,0x00000000e2880000,0x00000000e4b80000)
 ParOldGen       total 123904K, used 68483K [0x0000000081600000, 0x0000000088f00000, 0x00000000d5d00000)
  object space 123904K, 55% used [0x0000000081600000,0x00000000858e0ea0,0x0000000088f00000)
 Metaspace       used 57626K, capacity 58789K, committed 59136K, reserved 1101824K
  class space    used 6837K, capacity 7146K, committed 7168K, reserved 1048576K
}
Event: 8.716 GC heap before
{Heap before GC invocations=12 (full 3):
 PSYoungGen      total 208384K, used 23820K [0x00000000d5d00000, 0x00000000e5c00000, 0x0000000100000000)
  eden space 164864K, 0% used [0x00000000d5d00000,0x00000000d5d00000,0x00000000dfe00000)
  from space 43520K, 54% used [0x00000000dfe00000,0x00000000e1543348,0x00000000e2880000)
  to   space 35840K, 0% used [0x00000000e2880000,0x00000000e2880000,0x00000000e4b80000)
 ParOldGen       total 123904K, used 68483K [0x0000000081600000, 0x0000000088f00000, 0x00000000d5d00000)
  object space 123904K, 55% used [0x0000000081600000,0x00000000858e0ea0,0x0000000088f00000)
 Metaspace       used 57626K, capacity 58789K, committed 59136K, reserved 1101824K
  class space    used 6837K, capacity 7146K, committed 7168K, reserved 1048576K
Event: 9.015 GC heap after
Heap after GC invocations=12 (full 3):
 PSYoungGen      total 208384K, used 0K [0x00000000d5d00000, 0x00000000e5c00000, 0x0000000100000000)
  eden space 164864K, 0% used [0x00000000d5d00000,0x00000000d5d00000,0x00000000dfe00000)
  from space 43520K, 0% used [0x00000000dfe00000,0x00000000dfe00000,0x00000000e2880000)
  to   space 35840K, 0% used [0x00000000e2880000,0x00000000e2880000,0x00000000e4b80000)
 ParOldGen       total 123904K, used 67798K [0x0000000081600000, 0x0000000088f00000, 0x00000000d5d00000)
  object space 123904K, 54% used [0x0000000081600000,0x0000000085835868,0x0000000088f00000)
 Metaspace       used 57626K, capacity 58789K, committed 59136K, reserved 1101824K
  class space    used 6837K, capacity 7146K, committed 7168K, reserved 1048576K
}

