# JRE version: OpenJDK Runtime Environment (8.0_242-b01) (build 1.8.0_242-release-1644-b01)
# Java VM: OpenJDK 64-Bit Server VM (25.242-b01 mixed mode windows-amd64 compressed oops)
Heap:
 PSYoungGen      total 295424K, used 189947K [0x00000000d5580000, 0x00000000ec600000, 0x0000000100000000)
  eden space 236032K, 70% used [0x00000000d5580000,0x00000000df7c3c68,0x00000000e3c00000)
  from space 59392K, 40% used [0x00000000e8c00000,0x00000000ea33b270,0x00000000ec600000)
  to   space 70656K, 0% used [0x00000000e3c00000,0x00000000e3c00000,0x00000000e8100000)
 ParOldGen       total 143360K, used 62857K [0x0000000080000000, 0x0000000088c00000, 0x00000000d5580000)
  object space 143360K, 43% used [0x0000000080000000,0x0000000083d625e0,0x0000000088c00000)
 Metaspace       used 122701K, capacity 128988K, committed 134488K, reserved 1167360K
  class space    used 15229K, capacity 16365K, committed 17280K, reserved 1048576K
GC Heap History (10 events):
Event: 19334.145 GC heap before
{Heap before GC invocations=47 (full 8):
 PSYoungGen      total 328192K, used 43414K [0x00000000d5580000, 0x00000000ee000000, 0x0000000100000000)
  eden space 253440K, 0% used [0x00000000d5580000,0x00000000d5580000,0x00000000e4d00000)
  from space 74752K, 58% used [0x00000000e4d00000,0x00000000e7765990,0x00000000e9600000)
  to   space 74752K, 0% used [0x00000000e9700000,0x00000000e9700000,0x00000000ee000000)
 ParOldGen       total 143360K, used 74151K [0x0000000080000000, 0x0000000088c00000, 0x00000000d5580000)
  object space 143360K, 51% used [0x0000000080000000,0x0000000084869e10,0x0000000088c00000)
 Metaspace       used 126907K, capacity 133326K, committed 134488K, reserved 1167360K
  class space    used 15686K, capacity 16917K, committed 17280K, reserved 1048576K
Event: 19334.469 GC heap after
Heap after GC invocations=47 (full 8):
 PSYoungGen      total 328192K, used 0K [0x00000000d5580000, 0x00000000ee000000, 0x0000000100000000)
  eden space 253440K, 0% used [0x00000000d5580000,0x00000000d5580000,0x00000000e4d00000)
  from space 74752K, 0% used [0x00000000e4d00000,0x00000000e4d00000,0x00000000e9600000)
  to   space 74752K, 0% used [0x00000000e9700000,0x00000000e9700000,0x00000000ee000000)
 ParOldGen       total 143360K, used 79827K [0x0000000080000000, 0x0000000088c00000, 0x00000000d5580000)
  object space 143360K, 55% used [0x0000000080000000,0x0000000084df4dd8,0x0000000088c00000)
 Metaspace       used 121255K, capacity 126470K, committed 134488K, reserved 1167360K
  class space    used 15015K, capacity 15966K, committed 17280K, reserved 1048576K
}
Event: 22934.469 GC heap before
{Heap before GC invocations=48 (full 8):
 PSYoungGen      total 328192K, used 26125K [0x00000000d5580000, 0x00000000ee000000, 0x0000000100000000)
  eden space 253440K, 10% used [0x00000000d5580000,0x00000000d6f03720,0x00000000e4d00000)
  from space 74752K, 0% used [0x00000000e4d00000,0x00000000e4d00000,0x00000000e9600000)
  to   space 74752K, 0% used [0x00000000e9700000,0x00000000e9700000,0x00000000ee000000)
 ParOldGen       total 143360K, used 79827K [0x0000000080000000, 0x0000000088c00000, 0x00000000d5580000)
  object space 143360K, 55% used [0x0000000080000000,0x0000000084df4dd8,0x0000000088c00000)
 Metaspace       used 121274K, capacity 126494K, committed 134488K, reserved 1167360K
  class space    used 15018K, capacity 15970K, committed 17280K, reserved 1048576K
Event: 22934.477 GC heap after
Heap after GC invocations=48 (full 8):
 PSYoungGen      total 327680K, used 256K [0x00000000d5580000, 0x00000000ee300000, 0x0000000100000000)
  eden space 252928K, 0% used [0x00000000d5580000,0x00000000d5580000,0x00000000e4c80000)
  from space 74752K, 0% used [0x00000000e9700000,0x00000000e9740000,0x00000000ee000000)
  to   space 76288K, 0% used [0x00000000e4c80000,0x00000000e4c80000,0x00000000e9700000)
 ParOldGen       total 143360K, used 79827K [0x0000000080000000, 0x0000000088c00000, 0x00000000d5580000)
  object space 143360K, 55% used [0x0000000080000000,0x0000000084df4dd8,0x0000000088c00000)
 Metaspace       used 121274K, capacity 126494K, committed 134488K, reserved 1167360K
  class space    used 15018K, capacity 15970K, committed 17280K, reserved 1048576K
}
Event: 22934.477 GC heap before
{Heap before GC invocations=49 (full 9):
 PSYoungGen      total 327680K, used 256K [0x00000000d5580000, 0x00000000ee300000, 0x0000000100000000)
  eden space 252928K, 0% used [0x00000000d5580000,0x00000000d5580000,0x00000000e4c80000)
  from space 74752K, 0% used [0x00000000e9700000,0x00000000e9740000,0x00000000ee000000)
  to   space 76288K, 0% used [0x00000000e4c80000,0x00000000e4c80000,0x00000000e9700000)
 ParOldGen       total 143360K, used 79827K [0x0000000080000000, 0x0000000088c00000, 0x00000000d5580000)
  object space 143360K, 55% used [0x0000000080000000,0x0000000084df4dd8,0x0000000088c00000)
 Metaspace       used 121274K, capacity 126494K, committed 134488K, reserved 1167360K
  class space    used 15018K, capacity 15970K, committed 17280K, reserved 1048576K
Event: 22934.699 GC heap after
Heap after GC invocations=49 (full 9):
 PSYoungGen      total 327680K, used 0K [0x00000000d5580000, 0x00000000ee300000, 0x0000000100000000)
  eden space 252928K, 0% used [0x00000000d5580000,0x00000000d5580000,0x00000000e4c80000)
  from space 74752K, 0% used [0x00000000e9700000,0x00000000e9700000,0x00000000ee000000)
  to   space 76288K, 0% used [0x00000000e4c80000,0x00000000e4c80000,0x00000000e9700000)
 ParOldGen       total 143360K, used 62841K [0x0000000080000000, 0x0000000088c00000, 0x00000000d5580000)
  object space 143360K, 43% used [0x0000000080000000,0x0000000083d5e5e0,0x0000000088c00000)
 Metaspace       used 119576K, capacity 124750K, committed 134488K, reserved 1167360K
  class space    used 14935K, capacity 15862K, committed 17280K, reserved 1048576K
}
Event: 25046.042 GC heap before
{Heap before GC invocations=50 (full 9):
 PSYoungGen      total 327680K, used 252928K [0x00000000d5580000, 0x00000000ee300000, 0x0000000100000000)
  eden space 252928K, 100% used [0x00000000d5580000,0x00000000e4c80000,0x00000000e4c80000)
  from space 74752K, 0% used [0x00000000e9700000,0x00000000e9700000,0x00000000ee000000)
  to   space 76288K, 0% used [0x00000000e4c80000,0x00000000e4c80000,0x00000000e9700000)
 ParOldGen       total 143360K, used 62841K [0x0000000080000000, 0x0000000088c00000, 0x00000000d5580000)
  object space 143360K, 43% used [0x0000000080000000,0x0000000083d5e5e0,0x0000000088c00000)
 Metaspace       used 120305K, capacity 125804K, committed 134488K, reserved 1167360K
  class space    used 15049K, capacity 16081K, committed 17280K, reserved 1048576K
Event: 25046.065 GC heap after
Heap after GC invocations=50 (full 9):
 PSYoungGen      total 281088K, used 36649K [0x00000000d5580000, 0x00000000ed400000, 0x0000000100000000)
  eden space 244224K, 0% used [0x00000000d5580000,0x00000000d5580000,0x00000000e4400000)
  from space 36864K, 99% used [0x00000000e4c80000,0x00000000e704a468,0x00000000e7080000)
  to   space 73728K, 0% used [0x00000000e8c00000,0x00000000e8c00000,0x00000000ed400000)
 ParOldGen       total 143360K, used 62849K [0x0000000080000000, 0x0000000088c00000, 0x00000000d5580000)
  object space 143360K, 43% used [0x0000000080000000,0x0000000083d605e0,0x0000000088c00000)
 Metaspace       used 120305K, capacity 125804K, committed 134488K, reserved 1167360K
  class space    used 15049K, capacity 16081K, committed 17280K, reserved 1048576K
}
Event: 25082.922 GC heap before
{Heap before GC invocations=51 (full 9):
 PSYoungGen      total 281088K, used 280873K [0x00000000d5580000, 0x00000000ed400000, 0x0000000100000000)
  eden space 244224K, 100% used [0x00000000d5580000,0x00000000e4400000,0x00000000e4400000)
  from space 36864K, 99% used [0x00000000e4c80000,0x00000000e704a468,0x00000000e7080000)
  to   space 73728K, 0% used [0x00000000e8c00000,0x00000000e8c00000,0x00000000ed400000)
 ParOldGen       total 143360K, used 62849K [0x0000000080000000, 0x0000000088c00000, 0x00000000d5580000)
  object space 143360K, 43% used [0x0000000080000000,0x0000000083d605e0,0x0000000088c00000)
 Metaspace       used 122454K, capacity 128412K, committed 134488K, reserved 1167360K
  class space    used 15205K, capacity 16307K, committed 17280K, reserved 1048576K
Event: 25082.951 GC heap after
Heap after GC invocations=51 (full 9):
 PSYoungGen      total 295424K, used 23788K [0x00000000d5580000, 0x00000000ec600000, 0x0000000100000000)
  eden space 236032K, 0% used [0x00000000d5580000,0x00000000d5580000,0x00000000e3c00000)
  from space 59392K, 40% used [0x00000000e8c00000,0x00000000ea33b270,0x00000000ec600000)
  to   space 70656K, 0% used [0x00000000e3c00000,0x00000000e3c00000,0x00000000e8100000)
 ParOldGen       total 143360K, used 62857K [0x0000000080000000, 0x0000000088c00000, 0x00000000d5580000)
  object space 143360K, 43% used [0x0000000080000000,0x0000000083d625e0,0x0000000088c00000)
 Metaspace       used 122454K, capacity 128412K, committed 134488K, reserved 1167360K
  class space    used 15205K, capacity 16307K, committed 17280K, reserved 1048576K
}

