# JRE version: OpenJDK Runtime Environment (8.0_242-b01) (build 1.8.0_242-release-1644-b01)
# Java VM: OpenJDK 64-Bit Server VM (25.242-b01 mixed mode windows-amd64 compressed oops)
Heap:
 PSYoungGen      total 138240K, used 81738K [0x00000000d5d00000, 0x00000000e0300000, 0x0000000100000000)
  eden space 133120K, 61% used [0x00000000d5d00000,0x00000000dacd2ad8,0x00000000ddf00000)
  from space 5120K, 0% used [0x00000000ddf00000,0x00000000ddf00000,0x00000000de400000)
  to   space 17920K, 0% used [0x00000000df180000,0x00000000df180000,0x00000000e0300000)
 ParOldGen       total 123904K, used 68477K [0x0000000081600000, 0x0000000088f00000, 0x00000000d5d00000)
  object space 123904K, 55% used [0x0000000081600000,0x00000000858df430,0x0000000088f00000)
 Metaspace       used 65643K, capacity 66865K, committed 67200K, reserved 1107968K
  class space    used 7691K, capacity 8006K, committed 8064K, reserved 1048576K
GC Heap History (10 events):
Event: 4.244 GC heap before
{Heap before GC invocations=8 (full 2):
 PSYoungGen      total 138240K, used 133120K [0x00000000d5d00000, 0x00000000e0300000, 0x0000000100000000)
  eden space 133120K, 100% used [0x00000000d5d00000,0x00000000ddf00000,0x00000000ddf00000)
  from space 5120K, 0% used [0x00000000ddf00000,0x00000000ddf00000,0x00000000de400000)
  to   space 17920K, 0% used [0x00000000df180000,0x00000000df180000,0x00000000e0300000)
 ParOldGen       total 123904K, used 26763K [0x0000000081600000, 0x0000000088f00000, 0x00000000d5d00000)
  object space 123904K, 21% used [0x0000000081600000,0x0000000083022d98,0x0000000088f00000)
 Metaspace       used 47719K, capacity 48555K, committed 48896K, reserved 1091584K
  class space    used 5852K, capacity 6097K, committed 6144K, reserved 1048576K
Event: 4.267 GC heap after
Heap after GC invocations=8 (full 2):
 PSYoungGen      total 151040K, used 17898K [0x00000000d5d00000, 0x00000000e0300000, 0x0000000100000000)
  eden space 133120K, 0% used [0x00000000d5d00000,0x00000000d5d00000,0x00000000ddf00000)
  from space 17920K, 99% used [0x00000000df180000,0x00000000e02fa938,0x00000000e0300000)
  to   space 5120K, 0% used [0x00000000ddf00000,0x00000000ddf00000,0x00000000de400000)
 ParOldGen       total 123904K, used 37811K [0x0000000081600000, 0x0000000088f00000, 0x00000000d5d00000)
  object space 123904K, 30% used [0x0000000081600000,0x0000000083aecc08,0x0000000088f00000)
 Metaspace       used 47719K, capacity 48555K, committed 48896K, reserved 1091584K
  class space    used 5852K, capacity 6097K, committed 6144K, reserved 1048576K
}
Event: 6.741 GC heap before
{Heap before GC invocations=9 (full 2):
 PSYoungGen      total 151040K, used 151018K [0x00000000d5d00000, 0x00000000e0300000, 0x0000000100000000)
  eden space 133120K, 100% used [0x00000000d5d00000,0x00000000ddf00000,0x00000000ddf00000)
  from space 17920K, 99% used [0x00000000df180000,0x00000000e02fa938,0x00000000e0300000)
  to   space 5120K, 0% used [0x00000000ddf00000,0x00000000ddf00000,0x00000000de400000)
 ParOldGen       total 123904K, used 37811K [0x0000000081600000, 0x0000000088f00000, 0x00000000d5d00000)
  object space 123904K, 30% used [0x0000000081600000,0x0000000083aecc08,0x0000000088f00000)
 Metaspace       used 55307K, capacity 56381K, committed 56704K, reserved 1099776K
  class space    used 6646K, capacity 6938K, committed 7040K, reserved 1048576K
Event: 6.777 GC heap after
Heap after GC invocations=9 (full 2):
 PSYoungGen      total 138240K, used 5095K [0x00000000d5d00000, 0x00000000e0300000, 0x0000000100000000)
  eden space 133120K, 0% used [0x00000000d5d00000,0x00000000d5d00000,0x00000000ddf00000)
  from space 5120K, 99% used [0x00000000ddf00000,0x00000000de3f9e90,0x00000000de400000)
  to   space 17920K, 0% used [0x00000000df180000,0x00000000df180000,0x00000000e0300000)
 ParOldGen       total 123904K, used 69702K [0x0000000081600000, 0x0000000088f00000, 0x00000000d5d00000)
  object space 123904K, 56% used [0x0000000081600000,0x0000000085a11a08,0x0000000088f00000)
 Metaspace       used 55307K, capacity 56381K, committed 56704K, reserved 1099776K
  class space    used 6646K, capacity 6938K, committed 7040K, reserved 1048576K
}
Event: 8.937 GC heap before
{Heap before GC invocations=10 (full 2):
 PSYoungGen      total 138240K, used 138215K [0x00000000d5d00000, 0x00000000e0300000, 0x0000000100000000)
  eden space 133120K, 100% used [0x00000000d5d00000,0x00000000ddf00000,0x00000000ddf00000)
  from space 5120K, 99% used [0x00000000ddf00000,0x00000000de3f9e90,0x00000000de400000)
  to   space 17920K, 0% used [0x00000000df180000,0x00000000df180000,0x00000000e0300000)
 ParOldGen       total 123904K, used 69702K [0x0000000081600000, 0x0000000088f00000, 0x00000000d5d00000)
  object space 123904K, 56% used [0x0000000081600000,0x0000000085a11a08,0x0000000088f00000)
 Metaspace       used 56881K, capacity 57995K, committed 58368K, reserved 1099776K
  class space    used 6763K, capacity 7041K, committed 7168K, reserved 1048576K
Event: 8.964 GC heap after
Heap after GC invocations=10 (full 2):
 PSYoungGen      total 151040K, used 17890K [0x00000000d5d00000, 0x00000000e0300000, 0x0000000100000000)
  eden space 133120K, 0% used [0x00000000d5d00000,0x00000000d5d00000,0x00000000ddf00000)
  from space 17920K, 99% used [0x00000000df180000,0x00000000e02f8a98,0x00000000e0300000)
  to   space 5120K, 0% used [0x00000000ddf00000,0x00000000ddf00000,0x00000000de400000)
 ParOldGen       total 123904K, used 74484K [0x0000000081600000, 0x0000000088f00000, 0x00000000d5d00000)
  object space 123904K, 60% used [0x0000000081600000,0x0000000085ebd128,0x0000000088f00000)
 Metaspace       used 56881K, capacity 57995K, committed 58368K, reserved 1099776K
  class space    used 6763K, capacity 7041K, committed 7168K, reserved 1048576K
}
Event: 9.613 GC heap before
{Heap before GC invocations=11 (full 2):
 PSYoungGen      total 151040K, used 48328K [0x00000000d5d00000, 0x00000000e0300000, 0x0000000100000000)
  eden space 133120K, 22% used [0x00000000d5d00000,0x00000000d7ab9860,0x00000000ddf00000)
  from space 17920K, 99% used [0x00000000df180000,0x00000000e02f8a98,0x00000000e0300000)
  to   space 5120K, 0% used [0x00000000ddf00000,0x00000000ddf00000,0x00000000de400000)
 ParOldGen       total 123904K, used 74484K [0x0000000081600000, 0x0000000088f00000, 0x00000000d5d00000)
  object space 123904K, 60% used [0x0000000081600000,0x0000000085ebd128,0x0000000088f00000)
 Metaspace       used 57846K, capacity 59019K, committed 59136K, reserved 1101824K
  class space    used 6863K, capacity 7153K, committed 7168K, reserved 1048576K
Event: 9.639 GC heap after
Heap after GC invocations=11 (full 2):
 PSYoungGen      total 138240K, used 5094K [0x00000000d5d00000, 0x00000000e0300000, 0x0000000100000000)
  eden space 133120K, 0% used [0x00000000d5d00000,0x00000000d5d00000,0x00000000ddf00000)
  from space 5120K, 99% used [0x00000000ddf00000,0x00000000de3f9a88,0x00000000de400000)
  to   space 17920K, 0% used [0x00000000df180000,0x00000000df180000,0x00000000e0300000)
 ParOldGen       total 123904K, used 93793K [0x0000000081600000, 0x0000000088f00000, 0x00000000d5d00000)
  object space 123904K, 75% used [0x0000000081600000,0x0000000087198670,0x0000000088f00000)
 Metaspace       used 57846K, capacity 59019K, committed 59136K, reserved 1101824K
  class space    used 6863K, capacity 7153K, committed 7168K, reserved 1048576K
}
Event: 9.639 GC heap before
{Heap before GC invocations=12 (full 3):
 PSYoungGen      total 138240K, used 5094K [0x00000000d5d00000, 0x00000000e0300000, 0x0000000100000000)
  eden space 133120K, 0% used [0x00000000d5d00000,0x00000000d5d00000,0x00000000ddf00000)
  from space 5120K, 99% used [0x00000000ddf00000,0x00000000de3f9a88,0x00000000de400000)
  to   space 17920K, 0% used [0x00000000df180000,0x00000000df180000,0x00000000e0300000)
 ParOldGen       total 123904K, used 93793K [0x0000000081600000, 0x0000000088f00000, 0x00000000d5d00000)
  object space 123904K, 75% used [0x0000000081600000,0x0000000087198670,0x0000000088f00000)
 Metaspace       used 57846K, capacity 59019K, committed 59136K, reserved 1101824K
  class space    used 6863K, capacity 7153K, committed 7168K, reserved 1048576K
Event: 9.929 GC heap after
Heap after GC invocations=12 (full 3):
 PSYoungGen      total 138240K, used 0K [0x00000000d5d00000, 0x00000000e0300000, 0x0000000100000000)
  eden space 133120K, 0% used [0x00000000d5d00000,0x00000000d5d00000,0x00000000ddf00000)
  from space 5120K, 0% used [0x00000000ddf00000,0x00000000ddf00000,0x00000000de400000)
  to   space 17920K, 0% used [0x00000000df180000,0x00000000df180000,0x00000000e0300000)
 ParOldGen       total 123904K, used 68477K [0x0000000081600000, 0x0000000088f00000, 0x00000000d5d00000)
  object space 123904K, 55% used [0x0000000081600000,0x00000000858df430,0x0000000088f00000)
 Metaspace       used 57846K, capacity 59019K, committed 59136K, reserved 1101824K
  class space    used 6863K, capacity 7153K, committed 7168K, reserved 1048576K
}

