# JRE version: OpenJDK Runtime Environment (8.0_242-b01) (build 1.8.0_242-release-1644-b01)
# Java VM: OpenJDK 64-Bit Server VM (25.242-b01 mixed mode windows-amd64 compressed oops)
Heap:
 PSYoungGen      total 257024K, used 55597K [0x00000000d5580000, 0x00000000e9400000, 0x0000000100000000)
  eden space 225792K, 10% used [0x00000000d5580000,0x00000000d6d4c088,0x00000000e3200000)
  from space 31232K, 99% used [0x00000000e3200000,0x00000000e507f6a0,0x00000000e5080000)
  to   space 39424K, 0% used [0x00000000e6d80000,0x00000000e6d80000,0x00000000e9400000)
 ParOldGen       total 141824K, used 89502K [0x0000000080000000, 0x0000000088a80000, 0x00000000d5580000)
  object space 141824K, 63% used [0x0000000080000000,0x0000000085767b58,0x0000000088a80000)
 Metaspace       used 91129K, capacity 94570K, committed 94872K, reserved 1132544K
  class space    used 11691K, capacity 12388K, committed 12464K, reserved 1048576K
GC Heap History (10 events):
Event: 8.888 GC heap before
{Heap before GC invocations=16 (full 3):
 PSYoungGen      total 187392K, used 169472K [0x00000000d5580000, 0x00000000e2980000, 0x0000000100000000)
  eden space 169472K, 100% used [0x00000000d5580000,0x00000000dfb00000,0x00000000dfb00000)
  from space 17920K, 0% used [0x00000000e0c00000,0x00000000e0c00000,0x00000000e1d80000)
  to   space 17408K, 0% used [0x00000000dfb00000,0x00000000dfb00000,0x00000000e0c00000)
 ParOldGen       total 141824K, used 35677K [0x0000000080000000, 0x0000000088a80000, 0x00000000d5580000)
  object space 141824K, 25% used [0x0000000080000000,0x00000000822d75b8,0x0000000088a80000)
 Metaspace       used 64761K, capacity 67470K, committed 67608K, reserved 1107968K
  class space    used 8842K, capacity 9396K, committed 9520K, reserved 1048576K
Event: 8.911 GC heap after
Heap after GC invocations=16 (full 3):
 PSYoungGen      total 186880K, used 17391K [0x00000000d5580000, 0x00000000e4480000, 0x0000000100000000)
  eden space 169472K, 0% used [0x00000000d5580000,0x00000000d5580000,0x00000000dfb00000)
  from space 17408K, 99% used [0x00000000dfb00000,0x00000000e0bfbe10,0x00000000e0c00000)
  to   space 20480K, 0% used [0x00000000e3080000,0x00000000e3080000,0x00000000e4480000)
 ParOldGen       total 141824K, used 37831K [0x0000000080000000, 0x0000000088a80000, 0x00000000d5580000)
  object space 141824K, 26% used [0x0000000080000000,0x00000000824f1df0,0x0000000088a80000)
 Metaspace       used 64761K, capacity 67470K, committed 67608K, reserved 1107968K
  class space    used 8842K, capacity 9396K, committed 9520K, reserved 1048576K
}
Event: 10.183 GC heap before
{Heap before GC invocations=17 (full 3):
 PSYoungGen      total 186880K, used 183763K [0x00000000d5580000, 0x00000000e4480000, 0x0000000100000000)
  eden space 169472K, 98% used [0x00000000d5580000,0x00000000df7f8e18,0x00000000dfb00000)
  from space 17408K, 99% used [0x00000000dfb00000,0x00000000e0bfbe10,0x00000000e0c00000)
  to   space 20480K, 0% used [0x00000000e3080000,0x00000000e3080000,0x00000000e4480000)
 ParOldGen       total 141824K, used 37831K [0x0000000080000000, 0x0000000088a80000, 0x00000000d5580000)
  object space 141824K, 26% used [0x0000000080000000,0x00000000824f1df0,0x0000000088a80000)
 Metaspace       used 69436K, capacity 72356K, committed 72472K, reserved 1112064K
  class space    used 9395K, capacity 10003K, committed 10032K, reserved 1048576K
Event: 10.228 GC heap after
Heap after GC invocations=17 (full 3):
 PSYoungGen      total 212992K, used 20471K [0x00000000d5580000, 0x00000000e5e80000, 0x0000000100000000)
  eden space 192512K, 0% used [0x00000000d5580000,0x00000000d5580000,0x00000000e1180000)
  from space 20480K, 99% used [0x00000000e3080000,0x00000000e447ddb8,0x00000000e4480000)
  to   space 31744K, 0% used [0x00000000e1180000,0x00000000e1180000,0x00000000e3080000)
 ParOldGen       total 141824K, used 61215K [0x0000000080000000, 0x0000000088a80000, 0x00000000d5580000)
  object space 141824K, 43% used [0x0000000080000000,0x0000000083bc7c58,0x0000000088a80000)
 Metaspace       used 69436K, capacity 72356K, committed 72472K, reserved 1112064K
  class space    used 9395K, capacity 10003K, committed 10032K, reserved 1048576K
}
Event: 12.609 GC heap before
{Heap before GC invocations=18 (full 3):
 PSYoungGen      total 212992K, used 212983K [0x00000000d5580000, 0x00000000e5e80000, 0x0000000100000000)
  eden space 192512K, 100% used [0x00000000d5580000,0x00000000e1180000,0x00000000e1180000)
  from space 20480K, 99% used [0x00000000e3080000,0x00000000e447ddb8,0x00000000e4480000)
  to   space 31744K, 0% used [0x00000000e1180000,0x00000000e1180000,0x00000000e3080000)
 ParOldGen       total 141824K, used 61215K [0x0000000080000000, 0x0000000088a80000, 0x00000000d5580000)
  object space 141824K, 43% used [0x0000000080000000,0x0000000083bc7c58,0x0000000088a80000)
 Metaspace       used 74625K, capacity 77698K, committed 77848K, reserved 1116160K
  class space    used 10041K, capacity 10692K, committed 10800K, reserved 1048576K
Event: 12.637 GC heap after
Heap after GC invocations=18 (full 3):
 PSYoungGen      total 224256K, used 15691K [0x00000000d5580000, 0x00000000e7480000, 0x0000000100000000)
  eden space 192512K, 0% used [0x00000000d5580000,0x00000000d5580000,0x00000000e1180000)
  from space 31744K, 49% used [0x00000000e1180000,0x00000000e20d2ef0,0x00000000e3080000)
  to   space 30720K, 0% used [0x00000000e5680000,0x00000000e5680000,0x00000000e7480000)
 ParOldGen       total 141824K, used 79405K [0x0000000080000000, 0x0000000088a80000, 0x00000000d5580000)
  object space 141824K, 55% used [0x0000000080000000,0x0000000084d8b628,0x0000000088a80000)
 Metaspace       used 74625K, capacity 77698K, committed 77848K, reserved 1116160K
  class space    used 10041K, capacity 10692K, committed 10800K, reserved 1048576K
}
Event: 28.555 GC heap before
{Heap before GC invocations=19 (full 3):
 PSYoungGen      total 224256K, used 208203K [0x00000000d5580000, 0x00000000e7480000, 0x0000000100000000)
  eden space 192512K, 100% used [0x00000000d5580000,0x00000000e1180000,0x00000000e1180000)
  from space 31744K, 49% used [0x00000000e1180000,0x00000000e20d2ef0,0x00000000e3080000)
  to   space 30720K, 0% used [0x00000000e5680000,0x00000000e5680000,0x00000000e7480000)
 ParOldGen       total 141824K, used 79405K [0x0000000080000000, 0x0000000088a80000, 0x00000000d5580000)
  object space 141824K, 55% used [0x0000000080000000,0x0000000084d8b628,0x0000000088a80000)
 Metaspace       used 84421K, capacity 87798K, committed 87960K, reserved 1126400K
  class space    used 11164K, capacity 11878K, committed 11952K, reserved 1048576K
Event: 28.571 GC heap after
Heap after GC invocations=19 (full 3):
 PSYoungGen      total 250880K, used 18387K [0x00000000d5580000, 0x00000000e6f00000, 0x0000000100000000)
  eden space 225792K, 0% used [0x00000000d5580000,0x00000000d5580000,0x00000000e3200000)
  from space 25088K, 73% used [0x00000000e5680000,0x00000000e6874f38,0x00000000e6f00000)
  to   space 31232K, 0% used [0x00000000e3200000,0x00000000e3200000,0x00000000e5080000)
 ParOldGen       total 141824K, used 79413K [0x0000000080000000, 0x0000000088a80000, 0x00000000d5580000)
  object space 141824K, 55% used [0x0000000080000000,0x0000000084d8d628,0x0000000088a80000)
 Metaspace       used 84421K, capacity 87798K, committed 87960K, reserved 1126400K
  class space    used 11164K, capacity 11878K, committed 11952K, reserved 1048576K
}
Event: 46.564 GC heap before
{Heap before GC invocations=20 (full 3):
 PSYoungGen      total 250880K, used 244179K [0x00000000d5580000, 0x00000000e6f00000, 0x0000000100000000)
  eden space 225792K, 100% used [0x00000000d5580000,0x00000000e3200000,0x00000000e3200000)
  from space 25088K, 73% used [0x00000000e5680000,0x00000000e6874f38,0x00000000e6f00000)
  to   space 31232K, 0% used [0x00000000e3200000,0x00000000e3200000,0x00000000e5080000)
 ParOldGen       total 141824K, used 79413K [0x0000000080000000, 0x0000000088a80000, 0x00000000d5580000)
  object space 141824K, 55% used [0x0000000080000000,0x0000000084d8d628,0x0000000088a80000)
 Metaspace       used 90970K, capacity 94436K, committed 94616K, reserved 1132544K
  class space    used 11677K, capacity 12387K, committed 12464K, reserved 1048576K
Event: 46.597 GC heap after
Heap after GC invocations=20 (full 3):
 PSYoungGen      total 257024K, used 31229K [0x00000000d5580000, 0x00000000e9400000, 0x0000000100000000)
  eden space 225792K, 0% used [0x00000000d5580000,0x00000000d5580000,0x00000000e3200000)
  from space 31232K, 99% used [0x00000000e3200000,0x00000000e507f6a0,0x00000000e5080000)
  to   space 39424K, 0% used [0x00000000e6d80000,0x00000000e6d80000,0x00000000e9400000)
 ParOldGen       total 141824K, used 89502K [0x0000000080000000, 0x0000000088a80000, 0x00000000d5580000)
  object space 141824K, 63% used [0x0000000080000000,0x0000000085767b58,0x0000000088a80000)
 Metaspace       used 90970K, capacity 94436K, committed 94616K, reserved 1132544K
  class space    used 11677K, capacity 12387K, committed 12464K, reserved 1048576K
}

