# JRE version: OpenJDK Runtime Environment (8.0_242-b01) (build 1.8.0_242-release-1644-b01)
# Java VM: OpenJDK 64-Bit Server VM (25.242-b01 mixed mode windows-amd64 compressed oops)
Heap:
 PSYoungGen      total 145408K, used 10652K [0x00000000d5d00000, 0x00000000e3780000, 0x0000000100000000)
  eden space 108032K, 9% used [0x00000000d5d00000,0x00000000d6767318,0x00000000dc680000)
  from space 37376K, 0% used [0x00000000dc680000,0x00000000dc680000,0x00000000deb00000)
  to   space 45056K, 0% used [0x00000000e0b80000,0x00000000e0b80000,0x00000000e3780000)
 ParOldGen       total 195584K, used 68671K [0x0000000081600000, 0x000000008d500000, 0x00000000d5d00000)
  object space 195584K, 35% used [0x0000000081600000,0x000000008590fc30,0x000000008d500000)
 Metaspace       used 57744K, capacity 58911K, committed 59264K, reserved 1101824K
  class space    used 6847K, capacity 7183K, committed 7296K, reserved 1048576K
GC Heap History (10 events):
Event: 4.561 GC heap before
{Heap before GC invocations=10 (full 2):
 PSYoungGen      total 88576K, used 83607K [0x00000000d5d00000, 0x00000000de300000, 0x0000000100000000)
  eden space 69120K, 100% used [0x00000000d5d00000,0x00000000da080000,0x00000000da080000)
  from space 19456K, 74% used [0x00000000da080000,0x00000000daea5f10,0x00000000db380000)
  to   space 19968K, 0% used [0x00000000dcf80000,0x00000000dcf80000,0x00000000de300000)
 ParOldGen       total 129536K, used 32174K [0x0000000081600000, 0x0000000089480000, 0x00000000d5d00000)
  object space 129536K, 24% used [0x0000000081600000,0x000000008356b880,0x0000000089480000)
 Metaspace       used 47880K, capacity 48689K, committed 49152K, reserved 1091584K
  class space    used 5862K, capacity 6098K, committed 6144K, reserved 1048576K
Event: 4.585 GC heap after
Heap after GC invocations=10 (full 2):
 PSYoungGen      total 112640K, used 19955K [0x00000000d5d00000, 0x00000000deb00000, 0x0000000100000000)
  eden space 92672K, 0% used [0x00000000d5d00000,0x00000000d5d00000,0x00000000db780000)
  from space 19968K, 99% used [0x00000000dcf80000,0x00000000de2fce88,0x00000000de300000)
  to   space 24576K, 0% used [0x00000000db780000,0x00000000db780000,0x00000000dcf80000)
 ParOldGen       total 129536K, used 36447K [0x0000000081600000, 0x0000000089480000, 0x00000000d5d00000)
  object space 129536K, 28% used [0x0000000081600000,0x0000000083997c18,0x0000000089480000)
 Metaspace       used 47880K, capacity 48689K, committed 49152K, reserved 1091584K
  class space    used 5862K, capacity 6098K, committed 6144K, reserved 1048576K
}
Event: 6.566 GC heap before
{Heap before GC invocations=11 (full 2):
 PSYoungGen      total 112640K, used 112627K [0x00000000d5d00000, 0x00000000deb00000, 0x0000000100000000)
  eden space 92672K, 100% used [0x00000000d5d00000,0x00000000db780000,0x00000000db780000)
  from space 19968K, 99% used [0x00000000dcf80000,0x00000000de2fce88,0x00000000de300000)
  to   space 24576K, 0% used [0x00000000db780000,0x00000000db780000,0x00000000dcf80000)
 ParOldGen       total 129536K, used 36447K [0x0000000081600000, 0x0000000089480000, 0x00000000d5d00000)
  object space 129536K, 28% used [0x0000000081600000,0x0000000083997c18,0x0000000089480000)
 Metaspace       used 54943K, capacity 56023K, committed 56192K, reserved 1097728K
  class space    used 6675K, capacity 6971K, committed 7040K, reserved 1048576K
Event: 6.594 GC heap after
Heap after GC invocations=11 (full 2):
 PSYoungGen      total 117248K, used 24566K [0x00000000d5d00000, 0x00000000e0a80000, 0x0000000100000000)
  eden space 92672K, 0% used [0x00000000d5d00000,0x00000000d5d00000,0x00000000db780000)
  from space 24576K, 99% used [0x00000000db780000,0x00000000dcf7da50,0x00000000dcf80000)
  to   space 32256K, 0% used [0x00000000deb00000,0x00000000deb00000,0x00000000e0a80000)
 ParOldGen       total 129536K, used 46732K [0x0000000081600000, 0x0000000089480000, 0x00000000d5d00000)
  object space 129536K, 36% used [0x0000000081600000,0x00000000843a31d8,0x0000000089480000)
 Metaspace       used 54943K, capacity 56023K, committed 56192K, reserved 1097728K
  class space    used 6675K, capacity 6971K, committed 7040K, reserved 1048576K
}
Event: 8.287 GC heap before
{Heap before GC invocations=12 (full 2):
 PSYoungGen      total 117248K, used 117238K [0x00000000d5d00000, 0x00000000e0a80000, 0x0000000100000000)
  eden space 92672K, 100% used [0x00000000d5d00000,0x00000000db780000,0x00000000db780000)
  from space 24576K, 99% used [0x00000000db780000,0x00000000dcf7da50,0x00000000dcf80000)
  to   space 32256K, 0% used [0x00000000deb00000,0x00000000deb00000,0x00000000e0a80000)
 ParOldGen       total 129536K, used 46732K [0x0000000081600000, 0x0000000089480000, 0x00000000d5d00000)
  object space 129536K, 36% used [0x0000000081600000,0x00000000843a31d8,0x0000000089480000)
 Metaspace       used 55924K, capacity 56999K, committed 57216K, reserved 1099776K
  class space    used 6676K, capacity 6971K, committed 7040K, reserved 1048576K
Event: 8.320 GC heap after
Heap after GC invocations=12 (full 2):
 PSYoungGen      total 140288K, used 32228K [0x00000000d5d00000, 0x00000000e1480000, 0x0000000100000000)
  eden space 108032K, 0% used [0x00000000d5d00000,0x00000000d5d00000,0x00000000dc680000)
  from space 32256K, 99% used [0x00000000deb00000,0x00000000e0a792f0,0x00000000e0a80000)
  to   space 37376K, 0% used [0x00000000dc680000,0x00000000dc680000,0x00000000deb00000)
 ParOldGen       total 129536K, used 47812K [0x0000000081600000, 0x0000000089480000, 0x00000000d5d00000)
  object space 129536K, 36% used [0x0000000081600000,0x00000000844b11d8,0x0000000089480000)
 Metaspace       used 55924K, capacity 56999K, committed 57216K, reserved 1099776K
  class space    used 6676K, capacity 6971K, committed 7040K, reserved 1048576K
}
Event: 9.489 GC heap before
{Heap before GC invocations=13 (full 2):
 PSYoungGen      total 140288K, used 125800K [0x00000000d5d00000, 0x00000000e1480000, 0x0000000100000000)
  eden space 108032K, 86% used [0x00000000d5d00000,0x00000000db861028,0x00000000dc680000)
  from space 32256K, 99% used [0x00000000deb00000,0x00000000e0a792f0,0x00000000e0a80000)
  to   space 37376K, 0% used [0x00000000dc680000,0x00000000dc680000,0x00000000deb00000)
 ParOldGen       total 129536K, used 47812K [0x0000000081600000, 0x0000000089480000, 0x00000000d5d00000)
  object space 129536K, 36% used [0x0000000081600000,0x00000000844b11d8,0x0000000089480000)
 Metaspace       used 57598K, capacity 58757K, committed 59008K, reserved 1101824K
  class space    used 6838K, capacity 7178K, committed 7296K, reserved 1048576K
Event: 9.530 GC heap after
Heap after GC invocations=13 (full 2):
 PSYoungGen      total 145408K, used 37346K [0x00000000d5d00000, 0x00000000e3780000, 0x0000000100000000)
  eden space 108032K, 0% used [0x00000000d5d00000,0x00000000d5d00000,0x00000000dc680000)
  from space 37376K, 99% used [0x00000000dc680000,0x00000000deaf8910,0x00000000deb00000)
  to   space 45056K, 0% used [0x00000000e0b80000,0x00000000e0b80000,0x00000000e3780000)
 ParOldGen       total 129536K, used 53921K [0x0000000081600000, 0x0000000089480000, 0x00000000d5d00000)
  object space 129536K, 41% used [0x0000000081600000,0x0000000084aa86c8,0x0000000089480000)
 Metaspace       used 57598K, capacity 58757K, committed 59008K, reserved 1101824K
  class space    used 6838K, capacity 7178K, committed 7296K, reserved 1048576K
}
Event: 9.530 GC heap before
{Heap before GC invocations=14 (full 3):
 PSYoungGen      total 145408K, used 37346K [0x00000000d5d00000, 0x00000000e3780000, 0x0000000100000000)
  eden space 108032K, 0% used [0x00000000d5d00000,0x00000000d5d00000,0x00000000dc680000)
  from space 37376K, 99% used [0x00000000dc680000,0x00000000deaf8910,0x00000000deb00000)
  to   space 45056K, 0% used [0x00000000e0b80000,0x00000000e0b80000,0x00000000e3780000)
 ParOldGen       total 129536K, used 53921K [0x0000000081600000, 0x0000000089480000, 0x00000000d5d00000)
  object space 129536K, 41% used [0x0000000081600000,0x0000000084aa86c8,0x0000000089480000)
 Metaspace       used 57598K, capacity 58757K, committed 59008K, reserved 1101824K
  class space    used 6838K, capacity 7178K, committed 7296K, reserved 1048576K
Event: 9.779 GC heap after
Heap after GC invocations=14 (full 3):
 PSYoungGen      total 145408K, used 0K [0x00000000d5d00000, 0x00000000e3780000, 0x0000000100000000)
  eden space 108032K, 0% used [0x00000000d5d00000,0x00000000d5d00000,0x00000000dc680000)
  from space 37376K, 0% used [0x00000000dc680000,0x00000000dc680000,0x00000000deb00000)
  to   space 45056K, 0% used [0x00000000e0b80000,0x00000000e0b80000,0x00000000e3780000)
 ParOldGen       total 195584K, used 68671K [0x0000000081600000, 0x000000008d500000, 0x00000000d5d00000)
  object space 195584K, 35% used [0x0000000081600000,0x000000008590fc30,0x000000008d500000)
 Metaspace       used 57598K, capacity 58757K, committed 59008K, reserved 1101824K
  class space    used 6838K, capacity 7178K, committed 7296K, reserved 1048576K
}

