# JRE version: OpenJDK Runtime Environment (8.0_242-b01) (build 1.8.0_242-release-1644-b01)
# Java VM: OpenJDK 64-Bit Server VM (25.242-b01 mixed mode windows-amd64 compressed oops)
Heap:
 PSYoungGen      total 224256K, used 65352K [0x00000000d5580000, 0x00000000e4d00000, 0x0000000100000000)
  eden space 204288K, 22% used [0x00000000d5580000,0x00000000d81d93d8,0x00000000e1d00000)
  from space 19968K, 99% used [0x00000000e3480000,0x00000000e47f8c30,0x00000000e4800000)
  to   space 24064K, 0% used [0x00000000e1d00000,0x00000000e1d00000,0x00000000e3480000)
 ParOldGen       total 88576K, used 40154K [0x0000000080000000, 0x0000000085680000, 0x00000000d5580000)
  object space 88576K, 45% used [0x0000000080000000,0x0000000082736878,0x0000000085680000)
 Metaspace       used 75582K, capacity 79192K, committed 79384K, reserved 1120256K
  class space    used 10356K, capacity 11005K, committed 11048K, reserved 1048576K
GC Heap History (10 events):
Event: 6.676 GC heap before
{Heap before GC invocations=13 (full 2):
 PSYoungGen      total 145408K, used 145353K [0x00000000d5580000, 0x00000000dfc80000, 0x0000000100000000)
  eden space 135680K, 100% used [0x00000000d5580000,0x00000000dda00000,0x00000000dda00000)
  from space 9728K, 99% used [0x00000000df300000,0x00000000dfc725d0,0x00000000dfc80000)
  to   space 12288K, 0% used [0x00000000de480000,0x00000000de480000,0x00000000df080000)
 ParOldGen       total 88576K, used 16643K [0x0000000080000000, 0x0000000085680000, 0x00000000d5580000)
  object space 88576K, 18% used [0x0000000080000000,0x0000000081040d40,0x0000000085680000)
 Metaspace       used 52216K, capacity 54076K, committed 54312K, reserved 1095680K
  class space    used 6942K, capacity 7351K, committed 7464K, reserved 1048576K
Event: 6.693 GC heap after
Heap after GC invocations=13 (full 2):
 PSYoungGen      total 158720K, used 12268K [0x00000000d5580000, 0x00000000e1e80000, 0x0000000100000000)
  eden space 146432K, 0% used [0x00000000d5580000,0x00000000d5580000,0x00000000de480000)
  from space 12288K, 99% used [0x00000000de480000,0x00000000df07b330,0x00000000df080000)
  to   space 17408K, 0% used [0x00000000e0d80000,0x00000000e0d80000,0x00000000e1e80000)
 ParOldGen       total 88576K, used 26125K [0x0000000080000000, 0x0000000085680000, 0x00000000d5580000)
  object space 88576K, 29% used [0x0000000080000000,0x00000000819836e0,0x0000000085680000)
 Metaspace       used 52216K, capacity 54076K, committed 54312K, reserved 1095680K
  class space    used 6942K, capacity 7351K, committed 7464K, reserved 1048576K
}
Event: 7.379 GC heap before
{Heap before GC invocations=14 (full 2):
 PSYoungGen      total 158720K, used 99787K [0x00000000d5580000, 0x00000000e1e80000, 0x0000000100000000)
  eden space 146432K, 59% used [0x00000000d5580000,0x00000000daaf7a10,0x00000000de480000)
  from space 12288K, 99% used [0x00000000de480000,0x00000000df07b330,0x00000000df080000)
  to   space 17408K, 0% used [0x00000000e0d80000,0x00000000e0d80000,0x00000000e1e80000)
 ParOldGen       total 88576K, used 26125K [0x0000000080000000, 0x0000000085680000, 0x00000000d5580000)
  object space 88576K, 29% used [0x0000000080000000,0x00000000819836e0,0x0000000085680000)
 Metaspace       used 56906K, capacity 59052K, committed 59160K, reserved 1099776K
  class space    used 7698K, capacity 8185K, committed 8232K, reserved 1048576K
Event: 7.409 GC heap after
Heap after GC invocations=14 (full 2):
 PSYoungGen      total 186880K, used 16211K [0x00000000d5580000, 0x00000000e3500000, 0x0000000100000000)
  eden space 169472K, 0% used [0x00000000d5580000,0x00000000d5580000,0x00000000dfb00000)
  from space 17408K, 93% used [0x00000000e0d80000,0x00000000e1d54cd8,0x00000000e1e80000)
  to   space 18944K, 0% used [0x00000000dfb00000,0x00000000dfb00000,0x00000000e0d80000)
 ParOldGen       total 88576K, used 31599K [0x0000000080000000, 0x0000000085680000, 0x00000000d5580000)
  object space 88576K, 35% used [0x0000000080000000,0x0000000081edbfa0,0x0000000085680000)
 Metaspace       used 56906K, capacity 59052K, committed 59160K, reserved 1099776K
  class space    used 7698K, capacity 8185K, committed 8232K, reserved 1048576K
}
Event: 7.409 GC heap before
{Heap before GC invocations=15 (full 3):
 PSYoungGen      total 186880K, used 16211K [0x00000000d5580000, 0x00000000e3500000, 0x0000000100000000)
  eden space 169472K, 0% used [0x00000000d5580000,0x00000000d5580000,0x00000000dfb00000)
  from space 17408K, 93% used [0x00000000e0d80000,0x00000000e1d54cd8,0x00000000e1e80000)
  to   space 18944K, 0% used [0x00000000dfb00000,0x00000000dfb00000,0x00000000e0d80000)
 ParOldGen       total 88576K, used 31599K [0x0000000080000000, 0x0000000085680000, 0x00000000d5580000)
  object space 88576K, 35% used [0x0000000080000000,0x0000000081edbfa0,0x0000000085680000)
 Metaspace       used 56906K, capacity 59052K, committed 59160K, reserved 1099776K
  class space    used 7698K, capacity 8185K, committed 8232K, reserved 1048576K
Event: 7.616 GC heap after
Heap after GC invocations=15 (full 3):
 PSYoungGen      total 186880K, used 0K [0x00000000d5580000, 0x00000000e3500000, 0x0000000100000000)
  eden space 169472K, 0% used [0x00000000d5580000,0x00000000d5580000,0x00000000dfb00000)
  from space 17408K, 0% used [0x00000000e0d80000,0x00000000e0d80000,0x00000000e1e80000)
  to   space 18944K, 0% used [0x00000000dfb00000,0x00000000dfb00000,0x00000000e0d80000)
 ParOldGen       total 88576K, used 36639K [0x0000000080000000, 0x0000000085680000, 0x00000000d5580000)
  object space 88576K, 41% used [0x0000000080000000,0x00000000823c7fe0,0x0000000085680000)
 Metaspace       used 56898K, capacity 59028K, committed 59160K, reserved 1099776K
  class space    used 7696K, capacity 8181K, committed 8232K, reserved 1048576K
}
Event: 9.359 GC heap before
{Heap before GC invocations=16 (full 3):
 PSYoungGen      total 186880K, used 169472K [0x00000000d5580000, 0x00000000e3500000, 0x0000000100000000)
  eden space 169472K, 100% used [0x00000000d5580000,0x00000000dfb00000,0x00000000dfb00000)
  from space 17408K, 0% used [0x00000000e0d80000,0x00000000e0d80000,0x00000000e1e80000)
  to   space 18944K, 0% used [0x00000000dfb00000,0x00000000dfb00000,0x00000000e0d80000)
 ParOldGen       total 88576K, used 36639K [0x0000000080000000, 0x0000000085680000, 0x00000000d5580000)
  object space 88576K, 41% used [0x0000000080000000,0x00000000823c7fe0,0x0000000085680000)
 Metaspace       used 65814K, capacity 68458K, committed 68760K, reserved 1107968K
  class space    used 9046K, capacity 9590K, committed 9640K, reserved 1048576K
Event: 9.381 GC heap after
Heap after GC invocations=16 (full 3):
 PSYoungGen      total 188416K, used 14450K [0x00000000d5580000, 0x00000000e4800000, 0x0000000100000000)
  eden space 169472K, 0% used [0x00000000d5580000,0x00000000d5580000,0x00000000dfb00000)
  from space 18944K, 76% used [0x00000000dfb00000,0x00000000e091ca88,0x00000000e0d80000)
  to   space 19968K, 0% used [0x00000000e3480000,0x00000000e3480000,0x00000000e4800000)
 ParOldGen       total 88576K, used 36647K [0x0000000080000000, 0x0000000085680000, 0x00000000d5580000)
  object space 88576K, 41% used [0x0000000080000000,0x00000000823c9fe0,0x0000000085680000)
 Metaspace       used 65814K, capacity 68458K, committed 68760K, reserved 1107968K
  class space    used 9046K, capacity 9590K, committed 9640K, reserved 1048576K
}
Event: 10.956 GC heap before
{Heap before GC invocations=17 (full 3):
 PSYoungGen      total 188416K, used 183922K [0x00000000d5580000, 0x00000000e4800000, 0x0000000100000000)
  eden space 169472K, 100% used [0x00000000d5580000,0x00000000dfb00000,0x00000000dfb00000)
  from space 18944K, 76% used [0x00000000dfb00000,0x00000000e091ca88,0x00000000e0d80000)
  to   space 19968K, 0% used [0x00000000e3480000,0x00000000e3480000,0x00000000e4800000)
 ParOldGen       total 88576K, used 36647K [0x0000000080000000, 0x0000000085680000, 0x00000000d5580000)
  object space 88576K, 41% used [0x0000000080000000,0x00000000823c9fe0,0x0000000085680000)
 Metaspace       used 73959K, capacity 77100K, committed 77336K, reserved 1116160K
  class space    used 10174K, capacity 10781K, committed 10792K, reserved 1048576K
Event: 10.974 GC heap after
Heap after GC invocations=17 (full 3):
 PSYoungGen      total 224256K, used 19939K [0x00000000d5580000, 0x00000000e4d00000, 0x0000000100000000)
  eden space 204288K, 0% used [0x00000000d5580000,0x00000000d5580000,0x00000000e1d00000)
  from space 19968K, 99% used [0x00000000e3480000,0x00000000e47f8c30,0x00000000e4800000)
  to   space 24064K, 0% used [0x00000000e1d00000,0x00000000e1d00000,0x00000000e3480000)
 ParOldGen       total 88576K, used 40154K [0x0000000080000000, 0x0000000085680000, 0x00000000d5580000)
  object space 88576K, 45% used [0x0000000080000000,0x0000000082736878,0x0000000085680000)
 Metaspace       used 73959K, capacity 77100K, committed 77336K, reserved 1116160K
  class space    used 10174K, capacity 10781K, committed 10792K, reserved 1048576K
}

