# JRE version: OpenJDK Runtime Environment (8.0_242-b01) (build 1.8.0_242-release-1644-b01)
# Java VM: OpenJDK 64-Bit Server VM (25.242-b01 mixed mode windows-amd64 compressed oops)
Heap:
 PSYoungGen      total 202240K, used 51741K [0x00000000d5d00000, 0x00000000e7400000, 0x0000000100000000)
  eden space 159232K, 32% used [0x00000000d5d00000,0x00000000d8f874d0,0x00000000df880000)
  from space 43008K, 0% used [0x00000000df880000,0x00000000df880000,0x00000000e2280000)
  to   space 43520K, 0% used [0x00000000e4980000,0x00000000e4980000,0x00000000e7400000)
 ParOldGen       total 125952K, used 69598K [0x0000000081600000, 0x0000000089100000, 0x00000000d5d00000)
  object space 125952K, 55% used [0x0000000081600000,0x00000000859f7b00,0x0000000089100000)
 Metaspace       used 58949K, capacity 60145K, committed 60436K, reserved 1101824K
  class space    used 6959K, capacity 7258K, committed 7296K, reserved 1048576K
GC Heap History (10 events):
Event: 4.864 GC heap before
{Heap before GC invocations=8 (full 2):
 PSYoungGen      total 138240K, used 133120K [0x00000000d5d00000, 0x00000000e0500000, 0x0000000100000000)
  eden space 133120K, 100% used [0x00000000d5d00000,0x00000000ddf00000,0x00000000ddf00000)
  from space 5120K, 0% used [0x00000000ddf00000,0x00000000ddf00000,0x00000000de400000)
  to   space 17920K, 0% used [0x00000000df380000,0x00000000df380000,0x00000000e0500000)
 ParOldGen       total 125952K, used 26643K [0x0000000081600000, 0x0000000089100000, 0x00000000d5d00000)
  object space 125952K, 21% used [0x0000000081600000,0x0000000083004f70,0x0000000089100000)
 Metaspace       used 47908K, capacity 48765K, committed 49152K, reserved 1091584K
  class space    used 5862K, capacity 6110K, committed 6144K, reserved 1048576K
Event: 4.884 GC heap after
Heap after GC invocations=8 (full 2):
 PSYoungGen      total 145920K, used 17902K [0x00000000d5d00000, 0x00000000e3a80000, 0x0000000100000000)
  eden space 128000K, 0% used [0x00000000d5d00000,0x00000000d5d00000,0x00000000dda00000)
  from space 17920K, 99% used [0x00000000df380000,0x00000000e04fbb08,0x00000000e0500000)
  to   space 26112K, 0% used [0x00000000dda00000,0x00000000dda00000,0x00000000df380000)
 ParOldGen       total 125952K, used 37142K [0x0000000081600000, 0x0000000089100000, 0x00000000d5d00000)
  object space 125952K, 29% used [0x0000000081600000,0x0000000083a45b98,0x0000000089100000)
 Metaspace       used 47908K, capacity 48765K, committed 49152K, reserved 1091584K
  class space    used 5862K, capacity 6110K, committed 6144K, reserved 1048576K
}
Event: 6.998 GC heap before
{Heap before GC invocations=9 (full 2):
 PSYoungGen      total 145920K, used 145902K [0x00000000d5d00000, 0x00000000e3a80000, 0x0000000100000000)
  eden space 128000K, 100% used [0x00000000d5d00000,0x00000000dda00000,0x00000000dda00000)
  from space 17920K, 99% used [0x00000000df380000,0x00000000e04fbb08,0x00000000e0500000)
  to   space 26112K, 0% used [0x00000000dda00000,0x00000000dda00000,0x00000000df380000)
 ParOldGen       total 125952K, used 37142K [0x0000000081600000, 0x0000000089100000, 0x00000000d5d00000)
  object space 125952K, 29% used [0x0000000081600000,0x0000000083a45b98,0x0000000089100000)
 Metaspace       used 55339K, capacity 56509K, committed 56704K, reserved 1099776K
  class space    used 6708K, capacity 6986K, committed 7040K, reserved 1048576K
Event: 7.026 GC heap after
Heap after GC invocations=9 (full 2):
 PSYoungGen      total 154112K, used 26084K [0x00000000d5d00000, 0x00000000e4600000, 0x0000000100000000)
  eden space 128000K, 0% used [0x00000000d5d00000,0x00000000d5d00000,0x00000000dda00000)
  from space 26112K, 99% used [0x00000000dda00000,0x00000000df379050,0x00000000df380000)
  to   space 36352K, 0% used [0x00000000e2280000,0x00000000e2280000,0x00000000e4600000)
 ParOldGen       total 125952K, used 49339K [0x0000000081600000, 0x0000000089100000, 0x00000000d5d00000)
  object space 125952K, 39% used [0x0000000081600000,0x000000008462ed88,0x0000000089100000)
 Metaspace       used 55339K, capacity 56509K, committed 56704K, reserved 1099776K
  class space    used 6708K, capacity 6986K, committed 7040K, reserved 1048576K
}
Event: 9.752 GC heap before
{Heap before GC invocations=10 (full 2):
 PSYoungGen      total 154112K, used 154084K [0x00000000d5d00000, 0x00000000e4600000, 0x0000000100000000)
  eden space 128000K, 100% used [0x00000000d5d00000,0x00000000dda00000,0x00000000dda00000)
  from space 26112K, 99% used [0x00000000dda00000,0x00000000df379050,0x00000000df380000)
  to   space 36352K, 0% used [0x00000000e2280000,0x00000000e2280000,0x00000000e4600000)
 ParOldGen       total 125952K, used 49339K [0x0000000081600000, 0x0000000089100000, 0x00000000d5d00000)
  object space 125952K, 39% used [0x0000000081600000,0x000000008462ed88,0x0000000089100000)
 Metaspace       used 56539K, capacity 57673K, committed 57728K, reserved 1099776K
  class space    used 6709K, capacity 6986K, committed 7040K, reserved 1048576K
Event: 9.788 GC heap after
Heap after GC invocations=10 (full 2):
 PSYoungGen      total 195584K, used 36343K [0x00000000d5d00000, 0x00000000e5200000, 0x0000000100000000)
  eden space 159232K, 0% used [0x00000000d5d00000,0x00000000d5d00000,0x00000000df880000)
  from space 36352K, 99% used [0x00000000e2280000,0x00000000e45fdef8,0x00000000e4600000)
  to   space 43008K, 0% used [0x00000000df880000,0x00000000df880000,0x00000000e2280000)
 ParOldGen       total 125952K, used 51180K [0x0000000081600000, 0x0000000089100000, 0x00000000d5d00000)
  object space 125952K, 40% used [0x0000000081600000,0x00000000847fb0b0,0x0000000089100000)
 Metaspace       used 56539K, capacity 57673K, committed 57728K, reserved 1099776K
  class space    used 6709K, capacity 6986K, committed 7040K, reserved 1048576K
}
Event: 10.336 GC heap before
{Heap before GC invocations=11 (full 2):
 PSYoungGen      total 195584K, used 90123K [0x00000000d5d00000, 0x00000000e5200000, 0x0000000100000000)
  eden space 159232K, 33% used [0x00000000d5d00000,0x00000000d9184ea0,0x00000000df880000)
  from space 36352K, 99% used [0x00000000e2280000,0x00000000e45fdef8,0x00000000e4600000)
  to   space 43008K, 0% used [0x00000000df880000,0x00000000df880000,0x00000000e2280000)
 ParOldGen       total 125952K, used 51180K [0x0000000081600000, 0x0000000089100000, 0x00000000d5d00000)
  object space 125952K, 40% used [0x0000000081600000,0x00000000847fb0b0,0x0000000089100000)
 Metaspace       used 57826K, capacity 58963K, committed 59028K, reserved 1101824K
  class space    used 6845K, capacity 7153K, committed 7168K, reserved 1048576K
Event: 10.372 GC heap after
Heap after GC invocations=11 (full 2):
 PSYoungGen      total 202240K, used 27967K [0x00000000d5d00000, 0x00000000e7400000, 0x0000000100000000)
  eden space 159232K, 0% used [0x00000000d5d00000,0x00000000d5d00000,0x00000000df880000)
  from space 43008K, 65% used [0x00000000df880000,0x00000000e13cff00,0x00000000e2280000)
  to   space 43520K, 0% used [0x00000000e4980000,0x00000000e4980000,0x00000000e7400000)
 ParOldGen       total 125952K, used 65834K [0x0000000081600000, 0x0000000089100000, 0x00000000d5d00000)
  object space 125952K, 52% used [0x0000000081600000,0x000000008564aa60,0x0000000089100000)
 Metaspace       used 57826K, capacity 58963K, committed 59028K, reserved 1101824K
  class space    used 6845K, capacity 7153K, committed 7168K, reserved 1048576K
}
Event: 10.372 GC heap before
{Heap before GC invocations=12 (full 3):
 PSYoungGen      total 202240K, used 27967K [0x00000000d5d00000, 0x00000000e7400000, 0x0000000100000000)
  eden space 159232K, 0% used [0x00000000d5d00000,0x00000000d5d00000,0x00000000df880000)
  from space 43008K, 65% used [0x00000000df880000,0x00000000e13cff00,0x00000000e2280000)
  to   space 43520K, 0% used [0x00000000e4980000,0x00000000e4980000,0x00000000e7400000)
 ParOldGen       total 125952K, used 65834K [0x0000000081600000, 0x0000000089100000, 0x00000000d5d00000)
  object space 125952K, 52% used [0x0000000081600000,0x000000008564aa60,0x0000000089100000)
 Metaspace       used 57826K, capacity 58963K, committed 59028K, reserved 1101824K
  class space    used 6845K, capacity 7153K, committed 7168K, reserved 1048576K
Event: 10.640 GC heap after
Heap after GC invocations=12 (full 3):
 PSYoungGen      total 202240K, used 0K [0x00000000d5d00000, 0x00000000e7400000, 0x0000000100000000)
  eden space 159232K, 0% used [0x00000000d5d00000,0x00000000d5d00000,0x00000000df880000)
  from space 43008K, 0% used [0x00000000df880000,0x00000000df880000,0x00000000e2280000)
  to   space 43520K, 0% used [0x00000000e4980000,0x00000000e4980000,0x00000000e7400000)
 ParOldGen       total 125952K, used 69598K [0x0000000081600000, 0x0000000089100000, 0x00000000d5d00000)
  object space 125952K, 55% used [0x0000000081600000,0x00000000859f7b00,0x0000000089100000)
 Metaspace       used 57826K, capacity 58963K, committed 59028K, reserved 1101824K
  class space    used 6845K, capacity 7153K, committed 7168K, reserved 1048576K
}

