# JRE version: OpenJDK Runtime Environment (8.0_242-b01) (build 1.8.0_242-release-1644-b01)
# Java VM: OpenJDK 64-Bit Server VM (25.242-b01 mixed mode windows-amd64 compressed oops)
Heap:
 PSYoungGen      total 275968K, used 180070K [0x00000000d5580000, 0x00000000e8400000, 0x0000000100000000)
  eden space 253952K, 62% used [0x00000000d5580000,0x00000000defdc4e8,0x00000000e4d80000)
  from space 22016K, 99% used [0x00000000e5900000,0x00000000e6e7d710,0x00000000e6e80000)
  to   space 16896K, 0% used [0x00000000e7380000,0x00000000e7380000,0x00000000e8400000)
 ParOldGen       total 131584K, used 45556K [0x0000000080000000, 0x0000000088080000, 0x00000000d5580000)
  object space 131584K, 34% used [0x0000000080000000,0x0000000082c7d230,0x0000000088080000)
 Metaspace       used 83790K, capacity 87844K, committed 88088K, reserved 1126400K
  class space    used 11196K, capacity 12005K, committed 12072K, reserved 1048576K
GC Heap History (10 events):
Event: 6.898 GC heap before
{Heap before GC invocations=12 (full 2):
 PSYoungGen      total 164352K, used 164333K [0x00000000d5580000, 0x00000000e3a00000, 0x0000000100000000)
  eden space 151552K, 100% used [0x00000000d5580000,0x00000000de980000,0x00000000de980000)
  from space 12800K, 99% used [0x00000000de980000,0x00000000df5fb698,0x00000000df600000)
  to   space 15360K, 0% used [0x00000000e2b00000,0x00000000e2b00000,0x00000000e3a00000)
 ParOldGen       total 90112K, used 18136K [0x0000000080000000, 0x0000000085800000, 0x00000000d5580000)
  object space 90112K, 20% used [0x0000000080000000,0x00000000811b6360,0x0000000085800000)
 Metaspace       used 54863K, capacity 56970K, committed 57128K, reserved 1097728K
  class space    used 7340K, capacity 7852K, committed 7976K, reserved 1048576K
Event: 6.920 GC heap after
Heap after GC invocations=12 (full 2):
 PSYoungGen      total 213504K, used 15340K [0x00000000d5580000, 0x00000000e4180000, 0x0000000100000000)
  eden space 198144K, 0% used [0x00000000d5580000,0x00000000d5580000,0x00000000e1700000)
  from space 15360K, 99% used [0x00000000e2b00000,0x00000000e39fb310,0x00000000e3a00000)
  to   space 20480K, 0% used [0x00000000e1700000,0x00000000e1700000,0x00000000e2b00000)
 ParOldGen       total 90112K, used 26563K [0x0000000080000000, 0x0000000085800000, 0x00000000d5580000)
  object space 90112K, 29% used [0x0000000080000000,0x00000000819f0d88,0x0000000085800000)
 Metaspace       used 54863K, capacity 56970K, committed 57128K, reserved 1097728K
  class space    used 7340K, capacity 7852K, committed 7976K, reserved 1048576K
}
Event: 7.173 GC heap before
{Heap before GC invocations=13 (full 2):
 PSYoungGen      total 213504K, used 41274K [0x00000000d5580000, 0x00000000e4180000, 0x0000000100000000)
  eden space 198144K, 13% used [0x00000000d5580000,0x00000000d6ed3798,0x00000000e1700000)
  from space 15360K, 99% used [0x00000000e2b00000,0x00000000e39fb310,0x00000000e3a00000)
  to   space 20480K, 0% used [0x00000000e1700000,0x00000000e1700000,0x00000000e2b00000)
 ParOldGen       total 90112K, used 26563K [0x0000000080000000, 0x0000000085800000, 0x00000000d5580000)
  object space 90112K, 29% used [0x0000000080000000,0x00000000819f0d88,0x0000000085800000)
 Metaspace       used 56990K, capacity 59112K, committed 59160K, reserved 1099776K
  class space    used 7706K, capacity 8185K, committed 8232K, reserved 1048576K
Event: 7.196 GC heap after
Heap after GC invocations=13 (full 2):
 PSYoungGen      total 218624K, used 12785K [0x00000000d5580000, 0x00000000e8780000, 0x0000000100000000)
  eden space 198144K, 0% used [0x00000000d5580000,0x00000000d5580000,0x00000000e1700000)
  from space 20480K, 62% used [0x00000000e1700000,0x00000000e237c798,0x00000000e2b00000)
  to   space 20480K, 0% used [0x00000000e7380000,0x00000000e7380000,0x00000000e8780000)
 ParOldGen       total 90112K, used 32254K [0x0000000080000000, 0x0000000085800000, 0x00000000d5580000)
  object space 90112K, 35% used [0x0000000080000000,0x0000000081f7fb10,0x0000000085800000)
 Metaspace       used 56990K, capacity 59112K, committed 59160K, reserved 1099776K
  class space    used 7706K, capacity 8185K, committed 8232K, reserved 1048576K
}
Event: 7.196 GC heap before
{Heap before GC invocations=14 (full 3):
 PSYoungGen      total 218624K, used 12785K [0x00000000d5580000, 0x00000000e8780000, 0x0000000100000000)
  eden space 198144K, 0% used [0x00000000d5580000,0x00000000d5580000,0x00000000e1700000)
  from space 20480K, 62% used [0x00000000e1700000,0x00000000e237c798,0x00000000e2b00000)
  to   space 20480K, 0% used [0x00000000e7380000,0x00000000e7380000,0x00000000e8780000)
 ParOldGen       total 90112K, used 32254K [0x0000000080000000, 0x0000000085800000, 0x00000000d5580000)
  object space 90112K, 35% used [0x0000000080000000,0x0000000081f7fb10,0x0000000085800000)
 Metaspace       used 56990K, capacity 59112K, committed 59160K, reserved 1099776K
  class space    used 7706K, capacity 8185K, committed 8232K, reserved 1048576K
Event: 7.398 GC heap after
Heap after GC invocations=14 (full 3):
 PSYoungGen      total 218624K, used 0K [0x00000000d5580000, 0x00000000e8780000, 0x0000000100000000)
  eden space 198144K, 0% used [0x00000000d5580000,0x00000000d5580000,0x00000000e1700000)
  from space 20480K, 0% used [0x00000000e1700000,0x00000000e1700000,0x00000000e2b00000)
  to   space 20480K, 0% used [0x00000000e7380000,0x00000000e7380000,0x00000000e8780000)
 ParOldGen       total 131584K, used 35019K [0x0000000080000000, 0x0000000088080000, 0x00000000d5580000)
  object space 131584K, 26% used [0x0000000080000000,0x0000000082232d08,0x0000000088080000)
 Metaspace       used 56985K, capacity 59094K, committed 59160K, reserved 1099776K
  class space    used 7705K, capacity 8182K, committed 8232K, reserved 1048576K
}
Event: 9.130 GC heap before
{Heap before GC invocations=15 (full 3):
 PSYoungGen      total 218624K, used 198144K [0x00000000d5580000, 0x00000000e8780000, 0x0000000100000000)
  eden space 198144K, 100% used [0x00000000d5580000,0x00000000e1700000,0x00000000e1700000)
  from space 20480K, 0% used [0x00000000e1700000,0x00000000e1700000,0x00000000e2b00000)
  to   space 20480K, 0% used [0x00000000e7380000,0x00000000e7380000,0x00000000e8780000)
 ParOldGen       total 131584K, used 35019K [0x0000000080000000, 0x0000000088080000, 0x00000000d5580000)
  object space 131584K, 26% used [0x0000000080000000,0x0000000082232d08,0x0000000088080000)
 Metaspace       used 67788K, capacity 70410K, committed 70552K, reserved 1110016K
  class space    used 9359K, capacity 9880K, committed 9896K, reserved 1048576K
Event: 9.146 GC heap after
Heap after GC invocations=15 (full 3):
 PSYoungGen      total 270848K, used 16829K [0x00000000d5580000, 0x00000000e8400000, 0x0000000100000000)
  eden space 253952K, 0% used [0x00000000d5580000,0x00000000d5580000,0x00000000e4d80000)
  from space 16896K, 99% used [0x00000000e7380000,0x00000000e83ef448,0x00000000e8400000)
  to   space 22016K, 0% used [0x00000000e5900000,0x00000000e5900000,0x00000000e6e80000)
 ParOldGen       total 131584K, used 35027K [0x0000000080000000, 0x0000000088080000, 0x00000000d5580000)
  object space 131584K, 26% used [0x0000000080000000,0x0000000082234d08,0x0000000088080000)
 Metaspace       used 67788K, capacity 70410K, committed 70552K, reserved 1110016K
  class space    used 9359K, capacity 9880K, committed 9896K, reserved 1048576K
}
Event: 11.173 GC heap before
{Heap before GC invocations=16 (full 3):
 PSYoungGen      total 270848K, used 270781K [0x00000000d5580000, 0x00000000e8400000, 0x0000000100000000)
  eden space 253952K, 100% used [0x00000000d5580000,0x00000000e4d80000,0x00000000e4d80000)
  from space 16896K, 99% used [0x00000000e7380000,0x00000000e83ef448,0x00000000e8400000)
  to   space 22016K, 0% used [0x00000000e5900000,0x00000000e5900000,0x00000000e6e80000)
 ParOldGen       total 131584K, used 35027K [0x0000000080000000, 0x0000000088080000, 0x00000000d5580000)
  object space 131584K, 26% used [0x0000000080000000,0x0000000082234d08,0x0000000088080000)
 Metaspace       used 77764K, capacity 81454K, committed 81560K, reserved 1120256K
  class space    used 10652K, capacity 11389K, committed 11432K, reserved 1048576K
Event: 11.217 GC heap after
Heap after GC invocations=16 (full 3):
 PSYoungGen      total 275968K, used 22005K [0x00000000d5580000, 0x00000000e8400000, 0x0000000100000000)
  eden space 253952K, 0% used [0x00000000d5580000,0x00000000d5580000,0x00000000e4d80000)
  from space 22016K, 99% used [0x00000000e5900000,0x00000000e6e7d710,0x00000000e6e80000)
  to   space 16896K, 0% used [0x00000000e7380000,0x00000000e7380000,0x00000000e8400000)
 ParOldGen       total 131584K, used 45556K [0x0000000080000000, 0x0000000088080000, 0x00000000d5580000)
  object space 131584K, 34% used [0x0000000080000000,0x0000000082c7d230,0x0000000088080000)
 Metaspace       used 77764K, capacity 81454K, committed 81560K, reserved 1120256K
  class space    used 10652K, capacity 11389K, committed 11432K, reserved 1048576K
}

