# JRE version: OpenJDK Runtime Environment (8.0_242-b01) (build 1.8.0_242-release-1644-b01)
# Java VM: OpenJDK 64-Bit Server VM (25.242-b01 mixed mode windows-amd64 compressed oops)
Heap:
 PSYoungGen      total 138240K, used 101096K [0x00000000d5d00000, 0x00000000e0500000, 0x0000000100000000)
  eden space 133120K, 72% used [0x00000000d5d00000,0x00000000dbac1c10,0x00000000ddf00000)
  from space 5120K, 99% used [0x00000000ddf00000,0x00000000de3f84e8,0x00000000de400000)
  to   space 17920K, 0% used [0x00000000df380000,0x00000000df380000,0x00000000e0500000)
 ParOldGen       total 133632K, used 77742K [0x0000000081600000, 0x0000000089880000, 0x00000000d5d00000)
  object space 133632K, 58% used [0x0000000081600000,0x00000000861eb870,0x0000000089880000)
 Metaspace       used 55675K, capacity 56769K, committed 56960K, reserved 1099776K
  class space    used 6648K, capacity 6938K, committed 7040K, reserved 1048576K
GC Heap History (10 events):
Event: 1.989 GC heap before
{Heap before GC invocations=5 (full 1):
 PSYoungGen      total 71680K, used 66560K [0x00000000d5d00000, 0x00000000de900000, 0x0000000100000000)
  eden space 66560K, 100% used [0x00000000d5d00000,0x00000000d9e00000,0x00000000d9e00000)
  from space 5120K, 0% used [0x00000000d9e00000,0x00000000d9e00000,0x00000000da300000)
  to   space 5120K, 0% used [0x00000000de400000,0x00000000de400000,0x00000000de900000)
 ParOldGen       total 77824K, used 15070K [0x0000000081600000, 0x0000000086200000, 0x00000000d5d00000)
  object space 77824K, 19% used [0x0000000081600000,0x00000000824b7858,0x0000000086200000)
 Metaspace       used 29929K, capacity 30403K, committed 30592K, reserved 1075200K
  class space    used 3772K, capacity 3932K, committed 3968K, reserved 1048576K
Event: 1.999 GC heap after
Heap after GC invocations=5 (full 1):
 PSYoungGen      total 100352K, used 5091K [0x00000000d5d00000, 0x00000000de900000, 0x0000000100000000)
  eden space 95232K, 0% used [0x00000000d5d00000,0x00000000d5d00000,0x00000000dba00000)
  from space 5120K, 99% used [0x00000000de400000,0x00000000de8f8f50,0x00000000de900000)
  to   space 5120K, 0% used [0x00000000ddf00000,0x00000000ddf00000,0x00000000de400000)
 ParOldGen       total 77824K, used 25575K [0x0000000081600000, 0x0000000086200000, 0x00000000d5d00000)
  object space 77824K, 32% used [0x0000000081600000,0x0000000082ef9f00,0x0000000086200000)
 Metaspace       used 29929K, capacity 30403K, committed 30592K, reserved 1075200K
  class space    used 3772K, capacity 3932K, committed 3968K, reserved 1048576K
}
Event: 2.307 GC heap before
{Heap before GC invocations=6 (full 1):
 PSYoungGen      total 100352K, used 34030K [0x00000000d5d00000, 0x00000000de900000, 0x0000000100000000)
  eden space 95232K, 30% used [0x00000000d5d00000,0x00000000d7942c38,0x00000000dba00000)
  from space 5120K, 99% used [0x00000000de400000,0x00000000de8f8f50,0x00000000de900000)
  to   space 5120K, 0% used [0x00000000ddf00000,0x00000000ddf00000,0x00000000de400000)
 ParOldGen       total 77824K, used 25575K [0x0000000081600000, 0x0000000086200000, 0x00000000d5d00000)
  object space 77824K, 32% used [0x0000000081600000,0x0000000082ef9f00,0x0000000086200000)
 Metaspace       used 34625K, capacity 35235K, committed 35496K, reserved 1081344K
  class space    used 4379K, capacity 4576K, committed 4608K, reserved 1048576K
Event: 2.313 GC heap after
Heap after GC invocations=6 (full 1):
 PSYoungGen      total 138240K, used 5103K [0x00000000d5d00000, 0x00000000e0500000, 0x0000000100000000)
  eden space 133120K, 0% used [0x00000000d5d00000,0x00000000d5d00000,0x00000000ddf00000)
  from space 5120K, 99% used [0x00000000ddf00000,0x00000000de3fbf40,0x00000000de400000)
  to   space 17920K, 0% used [0x00000000df380000,0x00000000df380000,0x00000000e0500000)
 ParOldGen       total 77824K, used 33249K [0x0000000081600000, 0x0000000086200000, 0x00000000d5d00000)
  object space 77824K, 42% used [0x0000000081600000,0x0000000083678740,0x0000000086200000)
 Metaspace       used 34625K, capacity 35235K, committed 35496K, reserved 1081344K
  class space    used 4379K, capacity 4576K, committed 4608K, reserved 1048576K
}
Event: 2.313 GC heap before
{Heap before GC invocations=7 (full 2):
 PSYoungGen      total 138240K, used 5103K [0x00000000d5d00000, 0x00000000e0500000, 0x0000000100000000)
  eden space 133120K, 0% used [0x00000000d5d00000,0x00000000d5d00000,0x00000000ddf00000)
  from space 5120K, 99% used [0x00000000ddf00000,0x00000000de3fbf40,0x00000000de400000)
  to   space 17920K, 0% used [0x00000000df380000,0x00000000df380000,0x00000000e0500000)
 ParOldGen       total 77824K, used 33249K [0x0000000081600000, 0x0000000086200000, 0x00000000d5d00000)
  object space 77824K, 42% used [0x0000000081600000,0x0000000083678740,0x0000000086200000)
 Metaspace       used 34625K, capacity 35235K, committed 35496K, reserved 1081344K
  class space    used 4379K, capacity 4576K, committed 4608K, reserved 1048576K
Event: 2.379 GC heap after
Heap after GC invocations=7 (full 2):
 PSYoungGen      total 138240K, used 0K [0x00000000d5d00000, 0x00000000e0500000, 0x0000000100000000)
  eden space 133120K, 0% used [0x00000000d5d00000,0x00000000d5d00000,0x00000000ddf00000)
  from space 5120K, 0% used [0x00000000ddf00000,0x00000000ddf00000,0x00000000de400000)
  to   space 17920K, 0% used [0x00000000df380000,0x00000000df380000,0x00000000e0500000)
 ParOldGen       total 133632K, used 35115K [0x0000000081600000, 0x0000000089880000, 0x00000000d5d00000)
  object space 133632K, 26% used [0x0000000081600000,0x000000008384af30,0x0000000089880000)
 Metaspace       used 34625K, capacity 35235K, committed 35496K, reserved 1081344K
  class space    used 4379K, capacity 4576K, committed 4608K, reserved 1048576K
}
Event: 4.023 GC heap before
{Heap before GC invocations=8 (full 2):
 PSYoungGen      total 138240K, used 133120K [0x00000000d5d00000, 0x00000000e0500000, 0x0000000100000000)
  eden space 133120K, 100% used [0x00000000d5d00000,0x00000000ddf00000,0x00000000ddf00000)
  from space 5120K, 0% used [0x00000000ddf00000,0x00000000ddf00000,0x00000000de400000)
  to   space 17920K, 0% used [0x00000000df380000,0x00000000df380000,0x00000000e0500000)
 ParOldGen       total 133632K, used 35115K [0x0000000081600000, 0x0000000089880000, 0x00000000d5d00000)
  object space 133632K, 26% used [0x0000000081600000,0x000000008384af30,0x0000000089880000)
 Metaspace       used 47706K, capacity 48555K, committed 48896K, reserved 1091584K
  class space    used 5854K, capacity 6097K, committed 6144K, reserved 1048576K
Event: 4.050 GC heap after
Heap after GC invocations=8 (full 2):
 PSYoungGen      total 151040K, used 17909K [0x00000000d5d00000, 0x00000000e0500000, 0x0000000100000000)
  eden space 133120K, 0% used [0x00000000d5d00000,0x00000000d5d00000,0x00000000ddf00000)
  from space 17920K, 99% used [0x00000000df380000,0x00000000e04fd500,0x00000000e0500000)
  to   space 5120K, 0% used [0x00000000ddf00000,0x00000000ddf00000,0x00000000de400000)
 ParOldGen       total 133632K, used 45937K [0x0000000081600000, 0x0000000089880000, 0x00000000d5d00000)
  object space 133632K, 34% used [0x0000000081600000,0x00000000842dc478,0x0000000089880000)
 Metaspace       used 47706K, capacity 48555K, committed 48896K, reserved 1091584K
  class space    used 5854K, capacity 6097K, committed 6144K, reserved 1048576K
}
Event: 6.793 GC heap before
{Heap before GC invocations=9 (full 2):
 PSYoungGen      total 151040K, used 151029K [0x00000000d5d00000, 0x00000000e0500000, 0x0000000100000000)
  eden space 133120K, 100% used [0x00000000d5d00000,0x00000000ddf00000,0x00000000ddf00000)
  from space 17920K, 99% used [0x00000000df380000,0x00000000e04fd500,0x00000000e0500000)
  to   space 5120K, 0% used [0x00000000ddf00000,0x00000000ddf00000,0x00000000de400000)
 ParOldGen       total 133632K, used 45937K [0x0000000081600000, 0x0000000089880000, 0x00000000d5d00000)
  object space 133632K, 34% used [0x0000000081600000,0x00000000842dc478,0x0000000089880000)
 Metaspace       used 55237K, capacity 56313K, committed 56704K, reserved 1099776K
  class space    used 6647K, capacity 6938K, committed 7040K, reserved 1048576K
Event: 6.828 GC heap after
Heap after GC invocations=9 (full 2):
 PSYoungGen      total 138240K, used 5089K [0x00000000d5d00000, 0x00000000e0500000, 0x0000000100000000)
  eden space 133120K, 0% used [0x00000000d5d00000,0x00000000d5d00000,0x00000000ddf00000)
  from space 5120K, 99% used [0x00000000ddf00000,0x00000000de3f84e8,0x00000000de400000)
  to   space 17920K, 0% used [0x00000000df380000,0x00000000df380000,0x00000000e0500000)
 ParOldGen       total 133632K, used 77742K [0x0000000081600000, 0x0000000089880000, 0x00000000d5d00000)
  object space 133632K, 58% used [0x0000000081600000,0x00000000861eb870,0x0000000089880000)
 Metaspace       used 55237K, capacity 56313K, committed 56704K, reserved 1099776K
  class space    used 6647K, capacity 6938K, committed 7040K, reserved 1048576K
}

